t=2019-02-20T18:40:29+0100 lvl=info msg="Starting Grafana" logger=server version=5.4.0-pre1 commit=8be4490 compiled=2018-10-19T15:55:11+0200
t=2019-02-20T18:40:29+0100 lvl=info msg="Config loaded from" logger=settings file=C:\\dev\\online-monitoring-client\\src\\github.com\\grafana\\grafana/conf/defaults.ini
t=2019-02-20T18:40:29+0100 lvl=info msg="Config loaded from" logger=settings file=C:\\dev\\online-monitoring-client\\src\\github.com\\grafana\\grafana\\conf\\custom.ini
t=2019-02-20T18:40:29+0100 lvl=info msg="Path Home" logger=settings path=C:\\dev\\online-monitoring-client\\src\\github.com\\grafana\\grafana
t=2019-02-20T18:40:29+0100 lvl=info msg="Path Data" logger=settings path=C:\\dev\\online-monitoring-client\\src\\github.com\\grafana\\grafana\\data
t=2019-02-20T18:40:29+0100 lvl=info msg="Path Logs" logger=settings path=C:\\dev\\online-monitoring-client\\src\\github.com\\grafana\\grafana\\data\\log
t=2019-02-20T18:40:29+0100 lvl=info msg="Path Plugins" logger=settings path=C:\\dev\\online-monitoring-client\\src\\github.com\\grafana\\grafana\\data\\plugins
t=2019-02-20T18:40:29+0100 lvl=info msg="Path Provisioning" logger=settings path=C:\\dev\\online-monitoring-client\\src\\github.com\\grafana\\grafana\\conf\\provisioning
t=2019-02-20T18:40:29+0100 lvl=info msg="App mode production" logger=settings
t=2019-02-20T18:40:29+0100 lvl=info msg="Initializing HTTPServer" logger=server
t=2019-02-20T18:40:29+0100 lvl=info msg="Initializing SqlStore" logger=server
t=2019-02-20T18:40:29+0100 lvl=info msg="Connecting to DB" logger=sqlstore dbtype=sqlite3
t=2019-02-20T18:40:29+0100 lvl=info msg="Starting DB migration" logger=migrator
t=2019-02-20T18:40:29+0100 lvl=info msg="Initializing PluginManager" logger=server
t=2019-02-20T18:40:29+0100 lvl=info msg="Starting plugin search" logger=plugins
t=2019-02-20T18:40:29+0100 lvl=info msg="Initializing InternalMetricsService" logger=server
t=2019-02-20T18:40:29+0100 lvl=info msg="Initializing RenderingService" logger=server
t=2019-02-20T18:40:29+0100 lvl=info msg="Initializing HooksService" logger=server
t=2019-02-20T18:40:29+0100 lvl=info msg="Initializing SearchService" logger=server
t=2019-02-20T18:40:29+0100 lvl=info msg="Initializing CleanUpService" logger=server
t=2019-02-20T18:40:29+0100 lvl=info msg="Initializing NotificationService" logger=server
t=2019-02-20T18:40:29+0100 lvl=info msg="Initializing ProvisioningService" logger=server
t=2019-02-20T18:40:29+0100 lvl=info msg="Initializing AlertingService" logger=server
t=2019-02-20T18:40:29+0100 lvl=info msg="Initializing TracingService" logger=server
t=2019-02-20T18:40:29+0100 lvl=info msg="Initializing Stream Manager"
t=2019-02-20T18:40:29+0100 lvl=info msg="HTTP Server Listen" logger=http.server address=0.0.0.0:8080 protocol=http subUrl= socket=
t=2019-02-20T18:40:35+0100 lvl=info msg="Request Completed" logger=context userId=0 orgId=0 uname= method=GET path=/ status=302 remote_addr=[::1] time_ms=3 size=29 referer=
t=2019-02-20T18:40:35+0100 lvl=info msg="Request Completed" logger=context userId=0 orgId=0 uname= method=GET path=/login status=302 remote_addr=[::1] time_ms=18 size=24 referer=
t=2019-02-20T18:40:40+0100 lvl=info msg="Request Completed" logger=context userId=1 orgId=1 uname=admin method=GET path=/api/datasources/proxy/1/query status=502 remote_addr=[::1] time_ms=1307 size=0 referer="http://localhost:8080/d/OSF-tramk/3-panels-monitoring?refresh=1s&orgId=1"
t=2019-02-20T18:40:40+0100 lvl=info msg="Request Completed" logger=context userId=1 orgId=1 uname=admin method=GET path=/api/datasources/proxy/1/query status=502 remote_addr=[::1] time_ms=1312 size=0 referer="http://localhost:8080/d/OSF-tramk/3-panels-monitoring?refresh=1s&orgId=1"
t=2019-02-20T18:40:40+0100 lvl=info msg="Request Completed" logger=context userId=1 orgId=1 uname=admin method=GET path=/api/datasources/proxy/1/query status=502 remote_addr=[::1] time_ms=1316 size=0 referer="http://localhost:8080/d/OSF-tramk/3-panels-monitoring?refresh=1s&orgId=1"
t=2019-02-20T18:40:41+0100 lvl=info msg="Request Completed" logger=context userId=1 orgId=1 uname=admin method=GET path=/api/datasources/proxy/1/query status=502 remote_addr=[::1] time_ms=1306 size=0 referer="http://localhost:8080/d/OSF-tramk/3-panels-monitoring?refresh=1s&orgId=1"
t=2019-02-20T18:40:41+0100 lvl=info msg="Request Completed" logger=context userId=1 orgId=1 uname=admin method=GET path=/api/datasources/proxy/1/query status=502 remote_addr=[::1] time_ms=1312 size=0 referer="http://localhost:8080/d/OSF-tramk/3-panels-monitoring?refresh=1s&orgId=1"
t=2019-02-20T18:40:41+0100 lvl=info msg="Request Completed" logger=context userId=1 orgId=1 uname=admin method=GET path=/api/datasources/proxy/1/query status=502 remote_addr=[::1] time_ms=1314 size=0 referer="http://localhost:8080/d/OSF-tramk/3-panels-monitoring?refresh=1s&orgId=1"
t=2019-02-20T18:40:42+0100 lvl=info msg="Request Completed" logger=context userId=1 orgId=1 uname=admin method=GET path=/api/datasources/proxy/1/query status=502 remote_addr=[::1] time_ms=1323 size=0 referer="http://localhost:8080/d/OSF-tramk/3-panels-monitoring?refresh=1s&orgId=1"
t=2019-02-20T18:40:42+0100 lvl=info msg="Request Completed" logger=context userId=1 orgId=1 uname=admin method=GET path=/api/datasources/proxy/1/query status=502 remote_addr=[::1] time_ms=1314 size=0 referer="http://localhost:8080/d/OSF-tramk/3-panels-monitoring?refresh=1s&orgId=1"
t=2019-02-20T18:40:42+0100 lvl=info msg="Request Completed" logger=context userId=1 orgId=1 uname=admin method=GET path=/api/datasources/proxy/1/query status=502 remote_addr=[::1] time_ms=1319 size=0 referer="http://localhost:8080/d/OSF-tramk/3-panels-monitoring?refresh=1s&orgId=1"
t=2019-02-20T18:40:43+0100 lvl=info msg="Request Completed" logger=context userId=1 orgId=1 uname=admin method=GET path=/api/datasources/proxy/1/query status=502 remote_addr=[::1] time_ms=1049 size=0 referer="http://localhost:8080/d/OSF-tramk/3-panels-monitoring?refresh=1s&orgId=1"
t=2019-02-20T18:40:43+0100 lvl=info msg="Request Completed" logger=context userId=1 orgId=1 uname=admin method=GET path=/api/datasources/proxy/1/query status=502 remote_addr=[::1] time_ms=1036 size=0 referer="http://localhost:8080/d/OSF-tramk/3-panels-monitoring?refresh=1s&orgId=1"
t=2019-02-20T18:40:43+0100 lvl=info msg="Request Completed" logger=context userId=1 orgId=1 uname=admin method=GET path=/api/datasources/proxy/1/query status=502 remote_addr=[::1] time_ms=1037 size=0 referer="http://localhost:8080/d/OSF-tramk/3-panels-monitoring?refresh=1s&orgId=1"
t=2019-02-20T19:14:39+0100 lvl=eror msg="Failed to detect generated javascript files in public/build" logger=settings
t=2019-02-20T19:14:39+0100 lvl=info msg="Starting Grafana" logger=server version=5.0.0 commit=NA compiled=2019-02-20T19:14:39+0100
t=2019-02-20T19:14:39+0100 lvl=info msg="Config loaded from" logger=settings file=C:\\dev\\online-monitoring-client\\src\\github.com\\grafana\\grafana/conf/defaults.ini
t=2019-02-20T19:14:39+0100 lvl=info msg="Config loaded from" logger=settings file=C:\\dev\\online-monitoring-client\\src\\github.com\\grafana\\grafana\\conf\\custom.ini
t=2019-02-20T19:14:39+0100 lvl=info msg="Path Home" logger=settings path=C:\\dev\\online-monitoring-client\\src\\github.com\\grafana\\grafana
t=2019-02-20T19:14:39+0100 lvl=info msg="Path Data" logger=settings path=C:\\dev\\online-monitoring-client\\src\\github.com\\grafana\\grafana\\data
t=2019-02-20T19:14:39+0100 lvl=info msg="Path Logs" logger=settings path=C:\\dev\\online-monitoring-client\\src\\github.com\\grafana\\grafana\\data\\log
t=2019-02-20T19:14:39+0100 lvl=info msg="Path Plugins" logger=settings path=C:\\dev\\online-monitoring-client\\src\\github.com\\grafana\\grafana\\data\\plugins
t=2019-02-20T19:14:39+0100 lvl=info msg="Path Provisioning" logger=settings path=C:\\dev\\online-monitoring-client\\src\\github.com\\grafana\\grafana\\conf\\provisioning
t=2019-02-20T19:14:39+0100 lvl=info msg="App mode production" logger=settings
t=2019-02-20T19:14:39+0100 lvl=info msg="Initializing HTTPServer" logger=server
t=2019-02-20T19:14:39+0100 lvl=info msg="Initializing SqlStore" logger=server
t=2019-02-20T19:14:39+0100 lvl=info msg="Connecting to DB" logger=sqlstore dbtype=sqlite3
t=2019-02-20T19:14:39+0100 lvl=info msg="Starting DB migration" logger=migrator
t=2019-02-20T19:14:39+0100 lvl=info msg="Initializing PluginManager" logger=server
t=2019-02-20T19:14:39+0100 lvl=info msg="Starting plugin search" logger=plugins
t=2019-02-20T19:14:39+0100 lvl=info msg="Initializing InternalMetricsService" logger=server
t=2019-02-20T19:14:39+0100 lvl=info msg="Initializing RenderingService" logger=server
t=2019-02-20T19:14:39+0100 lvl=info msg="Initializing HooksService" logger=server
t=2019-02-20T19:14:39+0100 lvl=info msg="Initializing SearchService" logger=server
t=2019-02-20T19:14:39+0100 lvl=info msg="Initializing CleanUpService" logger=server
t=2019-02-20T19:14:39+0100 lvl=info msg="Initializing NotificationService" logger=server
t=2019-02-20T19:14:39+0100 lvl=info msg="Initializing ProvisioningService" logger=server
t=2019-02-20T19:14:39+0100 lvl=info msg="Initializing AlertingService" logger=server
t=2019-02-20T19:14:39+0100 lvl=info msg="Initializing TracingService" logger=server
t=2019-02-20T19:14:39+0100 lvl=info msg="Initializing Stream Manager"
t=2019-02-20T19:14:39+0100 lvl=info msg="HTTP Server Listen" logger=http.server address=0.0.0.0:8080 protocol=http subUrl= socket=
t=2019-02-20T19:14:54+0100 lvl=info msg="Request Completed" logger=context userId=1 orgId=1 uname=admin method=GET path=/public/build/grafana.dark.css status=404 remote_addr=[::1] time_ms=3 size=26730 referer=http://localhost:8080/
t=2019-02-20T19:14:58+0100 lvl=info msg="Request Completed" logger=context userId=1 orgId=1 uname=admin method=GET path=/public/build/grafana.dark.css status=404 remote_addr=[::1] time_ms=2 size=26730 referer="http://localhost:8080/?orgId=1"
t=2019-02-20T19:15:00+0100 lvl=info msg="Request Completed" logger=context userId=1 orgId=1 uname=admin method=GET path=/public/build/grafana.dark.css status=404 remote_addr=[::1] time_ms=4 size=26730 referer="http://localhost:8080/?orgId=1"
t=2019-02-20T20:16:55+0100 lvl=info msg="Starting Grafana" logger=server version=5.4.0-pre1 commit=8be4490 compiled=2018-10-19T15:55:11+0200
t=2019-02-20T20:16:55+0100 lvl=info msg="Config loaded from" logger=settings file=C:\\dev\\online-monitoring-client\\src\\github.com\\grafana\\grafana/conf/defaults.ini
t=2019-02-20T20:16:55+0100 lvl=info msg="Config loaded from" logger=settings file=C:\\dev\\online-monitoring-client\\src\\github.com\\grafana\\grafana\\conf\\custom.ini
t=2019-02-20T20:16:55+0100 lvl=info msg="Path Home" logger=settings path=C:\\dev\\online-monitoring-client\\src\\github.com\\grafana\\grafana
t=2019-02-20T20:16:55+0100 lvl=info msg="Path Data" logger=settings path=C:\\dev\\online-monitoring-client\\src\\github.com\\grafana\\grafana\\data
t=2019-02-20T20:16:55+0100 lvl=info msg="Path Logs" logger=settings path=C:\\dev\\online-monitoring-client\\src\\github.com\\grafana\\grafana\\data\\log
t=2019-02-20T20:16:55+0100 lvl=info msg="Path Plugins" logger=settings path=C:\\dev\\online-monitoring-client\\src\\github.com\\grafana\\grafana\\data\\plugins
t=2019-02-20T20:16:55+0100 lvl=info msg="Path Provisioning" logger=settings path=C:\\dev\\online-monitoring-client\\src\\github.com\\grafana\\grafana\\conf\\provisioning
t=2019-02-20T20:16:55+0100 lvl=info msg="App mode production" logger=settings
t=2019-02-20T20:16:55+0100 lvl=info msg="Initializing HTTPServer" logger=server
t=2019-02-20T20:16:55+0100 lvl=info msg="Initializing SqlStore" logger=server
t=2019-02-20T20:16:55+0100 lvl=info msg="Connecting to DB" logger=sqlstore dbtype=sqlite3
t=2019-02-20T20:16:55+0100 lvl=info msg="Starting DB migration" logger=migrator
t=2019-02-20T20:16:55+0100 lvl=info msg="Initializing PluginManager" logger=server
t=2019-02-20T20:16:55+0100 lvl=info msg="Starting plugin search" logger=plugins
t=2019-02-20T20:16:55+0100 lvl=info msg="Initializing InternalMetricsService" logger=server
t=2019-02-20T20:16:55+0100 lvl=info msg="Initializing RenderingService" logger=server
t=2019-02-20T20:16:55+0100 lvl=info msg="Initializing HooksService" logger=server
t=2019-02-20T20:16:55+0100 lvl=info msg="Initializing SearchService" logger=server
t=2019-02-20T20:16:55+0100 lvl=info msg="Initializing CleanUpService" logger=server
t=2019-02-20T20:16:55+0100 lvl=info msg="Initializing NotificationService" logger=server
t=2019-02-20T20:16:55+0100 lvl=info msg="Initializing ProvisioningService" logger=server
t=2019-02-20T20:16:55+0100 lvl=info msg="Initializing AlertingService" logger=server
t=2019-02-20T20:16:55+0100 lvl=info msg="Initializing TracingService" logger=server
t=2019-02-20T20:16:55+0100 lvl=info msg="Initializing Stream Manager"
t=2019-02-20T20:16:55+0100 lvl=info msg="HTTP Server Listen" logger=http.server address=0.0.0.0:8080 protocol=http subUrl= socket=
t=2019-02-20T21:11:08+0100 lvl=info msg="Starting Grafana" logger=server version=5.4.0-pre1 commit=8be4490 compiled=2018-10-19T15:55:11+0200
t=2019-02-20T21:11:08+0100 lvl=info msg="Config loaded from" logger=settings file=C:\\dev\\online-monitoring-client\\src\\github.com\\grafana\\grafana/conf/defaults.ini
t=2019-02-20T21:11:08+0100 lvl=info msg="Config loaded from" logger=settings file=C:\\dev\\online-monitoring-client\\src\\github.com\\grafana\\grafana\\conf\\custom.ini
t=2019-02-20T21:11:08+0100 lvl=info msg="Path Home" logger=settings path=C:\\dev\\online-monitoring-client\\src\\github.com\\grafana\\grafana
t=2019-02-20T21:11:08+0100 lvl=info msg="Path Data" logger=settings path=C:\\dev\\online-monitoring-client\\src\\github.com\\grafana\\grafana\\data
t=2019-02-20T21:11:08+0100 lvl=info msg="Path Logs" logger=settings path=C:\\dev\\online-monitoring-client\\src\\github.com\\grafana\\grafana\\data\\log
t=2019-02-20T21:11:08+0100 lvl=info msg="Path Plugins" logger=settings path=C:\\dev\\online-monitoring-client\\src\\github.com\\grafana\\grafana\\data\\plugins
t=2019-02-20T21:11:08+0100 lvl=info msg="Path Provisioning" logger=settings path=C:\\dev\\online-monitoring-client\\src\\github.com\\grafana\\grafana\\conf\\provisioning
t=2019-02-20T21:11:08+0100 lvl=info msg="App mode production" logger=settings
t=2019-02-20T21:11:08+0100 lvl=info msg="Initializing HTTPServer" logger=server
t=2019-02-20T21:11:08+0100 lvl=info msg="Initializing SqlStore" logger=server
t=2019-02-20T21:11:08+0100 lvl=info msg="Connecting to DB" logger=sqlstore dbtype=sqlite3
t=2019-02-20T21:11:08+0100 lvl=info msg="Starting DB migration" logger=migrator
t=2019-02-20T21:11:08+0100 lvl=info msg="Initializing PluginManager" logger=server
t=2019-02-20T21:11:08+0100 lvl=info msg="Starting plugin search" logger=plugins
t=2019-02-20T21:11:08+0100 lvl=info msg="Initializing InternalMetricsService" logger=server
t=2019-02-20T21:11:08+0100 lvl=info msg="Initializing RenderingService" logger=server
t=2019-02-20T21:11:08+0100 lvl=info msg="Initializing HooksService" logger=server
t=2019-02-20T21:11:08+0100 lvl=info msg="Initializing SearchService" logger=server
t=2019-02-20T21:11:08+0100 lvl=info msg="Initializing CleanUpService" logger=server
t=2019-02-20T21:11:08+0100 lvl=info msg="Initializing NotificationService" logger=server
t=2019-02-20T21:11:08+0100 lvl=info msg="Initializing ProvisioningService" logger=server
t=2019-02-20T21:11:08+0100 lvl=info msg="Initializing AlertingService" logger=server
t=2019-02-20T21:11:08+0100 lvl=info msg="Initializing TracingService" logger=server
t=2019-02-20T21:11:08+0100 lvl=info msg="Initializing Stream Manager"
t=2019-02-20T21:11:08+0100 lvl=info msg="HTTP Server Listen" logger=http.server address=0.0.0.0:8080 protocol=http subUrl= socket=
t=2019-02-20T21:35:52+0100 lvl=info msg="Starting Grafana" logger=server version=5.4.0-pre1 commit=8be4490 compiled=2018-10-19T15:55:11+0200
t=2019-02-20T21:35:52+0100 lvl=info msg="Config loaded from" logger=settings file=C:\\dev\\online-monitoring-client\\src\\github.com\\grafana\\grafana/conf/defaults.ini
t=2019-02-20T21:35:52+0100 lvl=info msg="Config loaded from" logger=settings file=C:\\dev\\online-monitoring-client\\src\\github.com\\grafana\\grafana\\conf\\custom.ini
t=2019-02-20T21:35:52+0100 lvl=info msg="Path Home" logger=settings path=C:\\dev\\online-monitoring-client\\src\\github.com\\grafana\\grafana
t=2019-02-20T21:35:52+0100 lvl=info msg="Path Data" logger=settings path=C:\\dev\\online-monitoring-client\\src\\github.com\\grafana\\grafana\\data
t=2019-02-20T21:35:52+0100 lvl=info msg="Path Logs" logger=settings path=C:\\dev\\online-monitoring-client\\src\\github.com\\grafana\\grafana\\data\\log
t=2019-02-20T21:35:52+0100 lvl=info msg="Path Plugins" logger=settings path=C:\\dev\\online-monitoring-client\\src\\github.com\\grafana\\grafana\\data\\plugins
t=2019-02-20T21:35:52+0100 lvl=info msg="Path Provisioning" logger=settings path=C:\\dev\\online-monitoring-client\\src\\github.com\\grafana\\grafana\\conf\\provisioning
t=2019-02-20T21:35:52+0100 lvl=info msg="App mode production" logger=settings
t=2019-02-20T21:35:52+0100 lvl=info msg="Initializing HTTPServer" logger=server
t=2019-02-20T21:35:52+0100 lvl=info msg="Initializing SqlStore" logger=server
t=2019-02-20T21:35:52+0100 lvl=info msg="Connecting to DB" logger=sqlstore dbtype=sqlite3
t=2019-02-20T21:35:52+0100 lvl=info msg="Starting DB migration" logger=migrator
t=2019-02-20T21:35:52+0100 lvl=info msg="Initializing PluginManager" logger=server
t=2019-02-20T21:35:52+0100 lvl=info msg="Starting plugin search" logger=plugins
t=2019-02-20T21:35:52+0100 lvl=info msg="Initializing InternalMetricsService" logger=server
t=2019-02-20T21:35:52+0100 lvl=info msg="Initializing RenderingService" logger=server
t=2019-02-20T21:35:52+0100 lvl=info msg="Initializing HooksService" logger=server
t=2019-02-20T21:35:52+0100 lvl=info msg="Initializing SearchService" logger=server
t=2019-02-20T21:35:52+0100 lvl=info msg="Initializing CleanUpService" logger=server
t=2019-02-20T21:35:52+0100 lvl=info msg="Initializing NotificationService" logger=server
t=2019-02-20T21:35:52+0100 lvl=info msg="Initializing ProvisioningService" logger=server
t=2019-02-20T21:35:52+0100 lvl=info msg="Initializing AlertingService" logger=server
t=2019-02-20T21:35:52+0100 lvl=info msg="Initializing TracingService" logger=server
t=2019-02-20T21:35:52+0100 lvl=info msg="Initializing Stream Manager"
t=2019-02-20T21:35:52+0100 lvl=info msg="HTTP Server Listen" logger=http.server address=0.0.0.0:8080 protocol=http subUrl= socket=
t=2019-02-20T22:01:21+0100 lvl=info msg="Starting Grafana" logger=server version=5.4.0-pre1 commit=8be4490 compiled=2018-10-19T15:55:11+0200
t=2019-02-20T22:01:21+0100 lvl=info msg="Config loaded from" logger=settings file=C:\\dev\\online-monitoring-client\\src\\github.com\\grafana\\grafana/conf/defaults.ini
t=2019-02-20T22:01:21+0100 lvl=info msg="Config loaded from" logger=settings file=C:\\dev\\online-monitoring-client\\src\\github.com\\grafana\\grafana\\conf\\custom.ini
t=2019-02-20T22:01:21+0100 lvl=info msg="Path Home" logger=settings path=C:\\dev\\online-monitoring-client\\src\\github.com\\grafana\\grafana
t=2019-02-20T22:01:21+0100 lvl=info msg="Path Data" logger=settings path=C:\\dev\\online-monitoring-client\\src\\github.com\\grafana\\grafana\\data
t=2019-02-20T22:01:21+0100 lvl=info msg="Path Logs" logger=settings path=C:\\dev\\online-monitoring-client\\src\\github.com\\grafana\\grafana\\data\\log
t=2019-02-20T22:01:21+0100 lvl=info msg="Path Plugins" logger=settings path=C:\\dev\\online-monitoring-client\\src\\github.com\\grafana\\grafana\\data\\plugins
t=2019-02-20T22:01:21+0100 lvl=info msg="Path Provisioning" logger=settings path=C:\\dev\\online-monitoring-client\\src\\github.com\\grafana\\grafana\\conf\\provisioning
t=2019-02-20T22:01:21+0100 lvl=info msg="App mode production" logger=settings
t=2019-02-20T22:01:21+0100 lvl=info msg="Initializing HTTPServer" logger=server
t=2019-02-20T22:01:21+0100 lvl=info msg="Initializing SqlStore" logger=server
t=2019-02-20T22:01:21+0100 lvl=info msg="Connecting to DB" logger=sqlstore dbtype=sqlite3
t=2019-02-20T22:01:21+0100 lvl=info msg="Starting DB migration" logger=migrator
t=2019-02-20T22:01:21+0100 lvl=info msg="Initializing PluginManager" logger=server
t=2019-02-20T22:01:21+0100 lvl=info msg="Starting plugin search" logger=plugins
t=2019-02-20T22:01:21+0100 lvl=info msg="Initializing InternalMetricsService" logger=server
t=2019-02-20T22:01:21+0100 lvl=info msg="Initializing RenderingService" logger=server
t=2019-02-20T22:01:21+0100 lvl=info msg="Initializing HooksService" logger=server
t=2019-02-20T22:01:21+0100 lvl=info msg="Initializing SearchService" logger=server
t=2019-02-20T22:01:21+0100 lvl=info msg="Initializing CleanUpService" logger=server
t=2019-02-20T22:01:21+0100 lvl=info msg="Initializing NotificationService" logger=server
t=2019-02-20T22:01:21+0100 lvl=info msg="Initializing ProvisioningService" logger=server
t=2019-02-20T22:01:21+0100 lvl=info msg="Initializing AlertingService" logger=server
t=2019-02-20T22:01:21+0100 lvl=info msg="Initializing TracingService" logger=server
t=2019-02-20T22:01:21+0100 lvl=info msg="Initializing Stream Manager"
t=2019-02-20T22:01:21+0100 lvl=info msg="HTTP Server Listen" logger=http.server address=0.0.0.0:8080 protocol=http subUrl= socket=
t=2019-02-20T22:01:21+0100 lvl=eror msg="Stopped HTTPServer" logger=server reason="listen tcp 0.0.0.0:8080: bind: Only one usage of each socket address (protocol/network address/port) is normally permitted."
t=2019-02-20T22:01:21+0100 lvl=info msg="Stopped Stream Manager"
t=2019-02-20T22:01:21+0100 lvl=info msg="Stopped InternalMetricsService" logger=server reason="context canceled"
t=2019-02-20T22:01:21+0100 lvl=info msg="Stopped RenderingService" logger=server reason=nil
t=2019-02-20T22:01:21+0100 lvl=info msg="Stopped CleanUpService" logger=server reason="context canceled"
t=2019-02-20T22:01:21+0100 lvl=info msg="Stopped TracingService" logger=server reason=nil
t=2019-02-20T22:01:21+0100 lvl=info msg="Stopped AlertingService" logger=server reason="context canceled"
t=2019-02-20T22:01:21+0100 lvl=info msg="Stopped ProvisioningService" logger=server reason="context canceled"
t=2019-02-20T22:01:21+0100 lvl=info msg="Stopped NotificationService" logger=server reason="context canceled"
t=2019-02-20T22:01:21+0100 lvl=info msg="Stopped PluginManager" logger=server reason="context canceled"
t=2019-02-20T22:01:21+0100 lvl=eror msg="Server shutdown" logger=server reason="listen tcp 0.0.0.0:8080: bind: Only one usage of each socket address (protocol/network address/port) is normally permitted."
t=2019-02-20T23:45:37+0100 lvl=info msg="Starting Grafana" logger=server version=5.4.0-pre1 commit=8be4490 compiled=2018-10-19T15:55:11+0200
t=2019-02-20T23:45:37+0100 lvl=info msg="Config loaded from" logger=settings file=C:\\dev\\online-monitoring-client\\src\\github.com\\grafana\\grafana/conf/defaults.ini
t=2019-02-20T23:45:37+0100 lvl=info msg="Config loaded from" logger=settings file=C:\\dev\\online-monitoring-client\\src\\github.com\\grafana\\grafana\\conf\\custom.ini
t=2019-02-20T23:45:37+0100 lvl=info msg="Path Home" logger=settings path=C:\\dev\\online-monitoring-client\\src\\github.com\\grafana\\grafana
t=2019-02-20T23:45:37+0100 lvl=info msg="Path Data" logger=settings path=C:\\dev\\online-monitoring-client\\src\\github.com\\grafana\\grafana\\data
t=2019-02-20T23:45:37+0100 lvl=info msg="Path Logs" logger=settings path=C:\\dev\\online-monitoring-client\\src\\github.com\\grafana\\grafana\\data\\log
t=2019-02-20T23:45:37+0100 lvl=info msg="Path Plugins" logger=settings path=C:\\dev\\online-monitoring-client\\src\\github.com\\grafana\\grafana\\data\\plugins
t=2019-02-20T23:45:37+0100 lvl=info msg="Path Provisioning" logger=settings path=C:\\dev\\online-monitoring-client\\src\\github.com\\grafana\\grafana\\conf\\provisioning
t=2019-02-20T23:45:37+0100 lvl=info msg="App mode production" logger=settings
t=2019-02-20T23:45:37+0100 lvl=info msg="Initializing HTTPServer" logger=server
t=2019-02-20T23:45:37+0100 lvl=info msg="Initializing SqlStore" logger=server
t=2019-02-20T23:45:37+0100 lvl=info msg="Connecting to DB" logger=sqlstore dbtype=sqlite3
t=2019-02-20T23:45:37+0100 lvl=info msg="Starting DB migration" logger=migrator
t=2019-02-20T23:45:37+0100 lvl=info msg="Initializing PluginManager" logger=server
t=2019-02-20T23:45:37+0100 lvl=info msg="Starting plugin search" logger=plugins
t=2019-02-20T23:45:37+0100 lvl=info msg="Initializing InternalMetricsService" logger=server
t=2019-02-20T23:45:37+0100 lvl=info msg="Initializing RenderingService" logger=server
t=2019-02-20T23:45:37+0100 lvl=info msg="Initializing HooksService" logger=server
t=2019-02-20T23:45:37+0100 lvl=info msg="Initializing SearchService" logger=server
t=2019-02-20T23:45:37+0100 lvl=info msg="Initializing CleanUpService" logger=server
t=2019-02-20T23:45:37+0100 lvl=info msg="Initializing NotificationService" logger=server
t=2019-02-20T23:45:37+0100 lvl=info msg="Initializing ProvisioningService" logger=server
t=2019-02-20T23:45:37+0100 lvl=info msg="Initializing AlertingService" logger=server
t=2019-02-20T23:45:37+0100 lvl=info msg="Initializing TracingService" logger=server
t=2019-02-20T23:45:37+0100 lvl=info msg="Initializing Stream Manager"
t=2019-02-20T23:45:37+0100 lvl=info msg="HTTP Server Listen" logger=http.server address=0.0.0.0:8080 protocol=http subUrl= socket=
t=2019-02-20T23:45:37+0100 lvl=eror msg="Stopped HTTPServer" logger=server reason="listen tcp 0.0.0.0:8080: bind: Only one usage of each socket address (protocol/network address/port) is normally permitted."
t=2019-02-20T23:45:37+0100 lvl=info msg="Stopped Stream Manager"
t=2019-02-20T23:45:37+0100 lvl=info msg="Stopped TracingService" logger=server reason=nil
t=2019-02-20T23:45:37+0100 lvl=info msg="Stopped RenderingService" logger=server reason=nil
t=2019-02-20T23:45:37+0100 lvl=info msg="Stopped ProvisioningService" logger=server reason="context canceled"
t=2019-02-20T23:45:37+0100 lvl=info msg="Stopped NotificationService" logger=server reason="context canceled"
t=2019-02-20T23:45:37+0100 lvl=info msg="Stopped InternalMetricsService" logger=server reason="context canceled"
t=2019-02-20T23:45:37+0100 lvl=info msg="Stopped AlertingService" logger=server reason="context canceled"
t=2019-02-20T23:45:37+0100 lvl=info msg="Stopped CleanUpService" logger=server reason="context canceled"
t=2019-02-20T23:45:37+0100 lvl=info msg="Stopped PluginManager" logger=server reason="context canceled"
t=2019-02-20T23:45:37+0100 lvl=eror msg="Server shutdown" logger=server reason="listen tcp 0.0.0.0:8080: bind: Only one usage of each socket address (protocol/network address/port) is normally permitted."
t=2019-02-21T00:24:04+0100 lvl=info msg="Starting Grafana" logger=server version=5.4.0-pre1 commit=8be4490 compiled=2018-10-19T15:55:11+0200
t=2019-02-21T00:24:04+0100 lvl=info msg="Config loaded from" logger=settings file=C:\\dev\\online-monitoring-client\\src\\github.com\\grafana\\grafana/conf/defaults.ini
t=2019-02-21T00:24:04+0100 lvl=info msg="Config loaded from" logger=settings file=C:\\dev\\online-monitoring-client\\src\\github.com\\grafana\\grafana\\conf\\custom.ini
t=2019-02-21T00:24:04+0100 lvl=info msg="Path Home" logger=settings path=C:\\dev\\online-monitoring-client\\src\\github.com\\grafana\\grafana
t=2019-02-21T00:24:04+0100 lvl=info msg="Path Data" logger=settings path=C:\\dev\\online-monitoring-client\\src\\github.com\\grafana\\grafana\\data
t=2019-02-21T00:24:04+0100 lvl=info msg="Path Logs" logger=settings path=C:\\dev\\online-monitoring-client\\src\\github.com\\grafana\\grafana\\data\\log
t=2019-02-21T00:24:04+0100 lvl=info msg="Path Plugins" logger=settings path=C:\\dev\\online-monitoring-client\\src\\github.com\\grafana\\grafana\\data\\plugins
t=2019-02-21T00:24:04+0100 lvl=info msg="Path Provisioning" logger=settings path=C:\\dev\\online-monitoring-client\\src\\github.com\\grafana\\grafana\\conf\\provisioning
t=2019-02-21T00:24:04+0100 lvl=info msg="App mode production" logger=settings
t=2019-02-21T00:24:04+0100 lvl=info msg="Initializing HTTPServer" logger=server
t=2019-02-21T00:24:04+0100 lvl=info msg="Initializing SqlStore" logger=server
t=2019-02-21T00:24:04+0100 lvl=info msg="Connecting to DB" logger=sqlstore dbtype=sqlite3
t=2019-02-21T00:24:04+0100 lvl=info msg="Starting DB migration" logger=migrator
t=2019-02-21T00:24:04+0100 lvl=info msg="Initializing PluginManager" logger=server
t=2019-02-21T00:24:04+0100 lvl=info msg="Starting plugin search" logger=plugins
t=2019-02-21T00:24:04+0100 lvl=info msg="Initializing InternalMetricsService" logger=server
t=2019-02-21T00:24:04+0100 lvl=info msg="Initializing RenderingService" logger=server
t=2019-02-21T00:24:04+0100 lvl=info msg="Initializing HooksService" logger=server
t=2019-02-21T00:24:04+0100 lvl=info msg="Initializing SearchService" logger=server
t=2019-02-21T00:24:04+0100 lvl=info msg="Initializing CleanUpService" logger=server
t=2019-02-21T00:24:04+0100 lvl=info msg="Initializing NotificationService" logger=server
t=2019-02-21T00:24:04+0100 lvl=info msg="Initializing ProvisioningService" logger=server
t=2019-02-21T00:24:04+0100 lvl=info msg="Initializing AlertingService" logger=server
t=2019-02-21T00:24:04+0100 lvl=info msg="Initializing TracingService" logger=server
t=2019-02-21T00:24:04+0100 lvl=info msg="Initializing Stream Manager"
t=2019-02-21T00:24:04+0100 lvl=info msg="HTTP Server Listen" logger=http.server address=0.0.0.0:8080 protocol=http subUrl= socket=
t=2019-02-21T00:24:04+0100 lvl=eror msg="Stopped HTTPServer" logger=server reason="listen tcp 0.0.0.0:8080: bind: Only one usage of each socket address (protocol/network address/port) is normally permitted."
t=2019-02-21T00:24:04+0100 lvl=info msg="Stopped ProvisioningService" logger=server reason="context canceled"
t=2019-02-21T00:24:04+0100 lvl=info msg="Stopped AlertingService" logger=server reason="context canceled"
t=2019-02-21T00:24:04+0100 lvl=info msg="Stopped NotificationService" logger=server reason="context canceled"
t=2019-02-21T00:24:04+0100 lvl=info msg="Stopped Stream Manager"
t=2019-02-21T00:24:04+0100 lvl=info msg="Stopped InternalMetricsService" logger=server reason="context canceled"
t=2019-02-21T00:24:04+0100 lvl=info msg="Stopped RenderingService" logger=server reason=nil
t=2019-02-21T00:24:04+0100 lvl=info msg="Stopped CleanUpService" logger=server reason="context canceled"
t=2019-02-21T00:24:04+0100 lvl=info msg="Stopped TracingService" logger=server reason=nil
t=2019-02-21T00:24:04+0100 lvl=info msg="Stopped PluginManager" logger=server reason="context canceled"
t=2019-02-21T00:24:04+0100 lvl=eror msg="Server shutdown" logger=server reason="listen tcp 0.0.0.0:8080: bind: Only one usage of each socket address (protocol/network address/port) is normally permitted."
t=2019-02-21T00:31:07+0100 lvl=info msg="Starting Grafana" logger=server version=5.4.0-pre1 commit=8be4490 compiled=2018-10-19T15:55:11+0200
t=2019-02-21T00:31:07+0100 lvl=info msg="Config loaded from" logger=settings file=C:\\dev\\online-monitoring-client\\src\\github.com\\grafana\\grafana/conf/defaults.ini
t=2019-02-21T00:31:07+0100 lvl=info msg="Config loaded from" logger=settings file=C:\\dev\\online-monitoring-client\\src\\github.com\\grafana\\grafana\\conf\\custom.ini
t=2019-02-21T00:31:07+0100 lvl=info msg="Path Home" logger=settings path=C:\\dev\\online-monitoring-client\\src\\github.com\\grafana\\grafana
t=2019-02-21T00:31:07+0100 lvl=info msg="Path Data" logger=settings path=C:\\dev\\online-monitoring-client\\src\\github.com\\grafana\\grafana\\data
t=2019-02-21T00:31:07+0100 lvl=info msg="Path Logs" logger=settings path=C:\\dev\\online-monitoring-client\\src\\github.com\\grafana\\grafana\\data\\log
t=2019-02-21T00:31:07+0100 lvl=info msg="Path Plugins" logger=settings path=C:\\dev\\online-monitoring-client\\src\\github.com\\grafana\\grafana\\data\\plugins
t=2019-02-21T00:31:07+0100 lvl=info msg="Path Provisioning" logger=settings path=C:\\dev\\online-monitoring-client\\src\\github.com\\grafana\\grafana\\conf\\provisioning
t=2019-02-21T00:31:07+0100 lvl=info msg="App mode production" logger=settings
t=2019-02-21T00:31:07+0100 lvl=info msg="Initializing HTTPServer" logger=server
t=2019-02-21T00:31:07+0100 lvl=info msg="Initializing SqlStore" logger=server
t=2019-02-21T00:31:07+0100 lvl=info msg="Connecting to DB" logger=sqlstore dbtype=sqlite3
t=2019-02-21T00:31:07+0100 lvl=info msg="Starting DB migration" logger=migrator
t=2019-02-21T00:31:07+0100 lvl=info msg="Initializing PluginManager" logger=server
t=2019-02-21T00:31:07+0100 lvl=info msg="Starting plugin search" logger=plugins
t=2019-02-21T00:31:07+0100 lvl=info msg="Initializing InternalMetricsService" logger=server
t=2019-02-21T00:31:07+0100 lvl=info msg="Initializing RenderingService" logger=server
t=2019-02-21T00:31:07+0100 lvl=info msg="Initializing HooksService" logger=server
t=2019-02-21T00:31:07+0100 lvl=info msg="Initializing SearchService" logger=server
t=2019-02-21T00:31:07+0100 lvl=info msg="Initializing CleanUpService" logger=server
t=2019-02-21T00:31:07+0100 lvl=info msg="Initializing NotificationService" logger=server
t=2019-02-21T00:31:07+0100 lvl=info msg="Initializing ProvisioningService" logger=server
t=2019-02-21T00:31:07+0100 lvl=info msg="Initializing AlertingService" logger=server
t=2019-02-21T00:31:07+0100 lvl=info msg="Initializing TracingService" logger=server
t=2019-02-21T00:31:07+0100 lvl=info msg="Initializing Stream Manager"
t=2019-02-21T00:31:07+0100 lvl=info msg="HTTP Server Listen" logger=http.server address=0.0.0.0:8080 protocol=http subUrl= socket=
t=2019-02-21T00:31:07+0100 lvl=eror msg="Stopped HTTPServer" logger=server reason="listen tcp 0.0.0.0:8080: bind: Only one usage of each socket address (protocol/network address/port) is normally permitted."
t=2019-02-21T00:31:07+0100 lvl=info msg="Stopped Stream Manager"
t=2019-02-21T00:31:07+0100 lvl=info msg="Stopped RenderingService" logger=server reason=nil
t=2019-02-21T00:31:07+0100 lvl=info msg="Stopped InternalMetricsService" logger=server reason="context canceled"
t=2019-02-21T00:31:07+0100 lvl=info msg="Stopped AlertingService" logger=server reason="context canceled"
t=2019-02-21T00:31:07+0100 lvl=info msg="Stopped ProvisioningService" logger=server reason="context canceled"
t=2019-02-21T00:31:07+0100 lvl=info msg="Stopped NotificationService" logger=server reason="context canceled"
t=2019-02-21T00:31:07+0100 lvl=info msg="Stopped CleanUpService" logger=server reason="context canceled"
t=2019-02-21T00:31:07+0100 lvl=info msg="Stopped TracingService" logger=server reason=nil
t=2019-02-21T00:31:07+0100 lvl=info msg="Stopped PluginManager" logger=server reason="context canceled"
t=2019-02-21T00:31:07+0100 lvl=eror msg="Server shutdown" logger=server reason="listen tcp 0.0.0.0:8080: bind: Only one usage of each socket address (protocol/network address/port) is normally permitted."
t=2019-02-21T01:29:12+0100 lvl=info msg="Starting Grafana" logger=server version=5.4.0-pre1 commit=8be4490 compiled=2018-10-19T15:55:11+0200
t=2019-02-21T01:29:12+0100 lvl=info msg="Config loaded from" logger=settings file=C:\\dev\\online-monitoring-client\\src\\github.com\\grafana\\grafana/conf/defaults.ini
t=2019-02-21T01:29:12+0100 lvl=info msg="Config loaded from" logger=settings file=C:\\dev\\online-monitoring-client\\src\\github.com\\grafana\\grafana\\conf\\custom.ini
t=2019-02-21T01:29:12+0100 lvl=info msg="Path Home" logger=settings path=C:\\dev\\online-monitoring-client\\src\\github.com\\grafana\\grafana
t=2019-02-21T01:29:12+0100 lvl=info msg="Path Data" logger=settings path=C:\\dev\\online-monitoring-client\\src\\github.com\\grafana\\grafana\\data
t=2019-02-21T01:29:12+0100 lvl=info msg="Path Logs" logger=settings path=C:\\dev\\online-monitoring-client\\src\\github.com\\grafana\\grafana\\data\\log
t=2019-02-21T01:29:12+0100 lvl=info msg="Path Plugins" logger=settings path=C:\\dev\\online-monitoring-client\\src\\github.com\\grafana\\grafana\\data\\plugins
t=2019-02-21T01:29:12+0100 lvl=info msg="Path Provisioning" logger=settings path=C:\\dev\\online-monitoring-client\\src\\github.com\\grafana\\grafana\\conf\\provisioning
t=2019-02-21T01:29:12+0100 lvl=info msg="App mode production" logger=settings
t=2019-02-21T01:29:12+0100 lvl=info msg="Initializing HTTPServer" logger=server
t=2019-02-21T01:29:12+0100 lvl=info msg="Initializing SqlStore" logger=server
t=2019-02-21T01:29:12+0100 lvl=info msg="Connecting to DB" logger=sqlstore dbtype=sqlite3
t=2019-02-21T01:29:12+0100 lvl=info msg="Starting DB migration" logger=migrator
t=2019-02-21T01:29:12+0100 lvl=info msg="Initializing PluginManager" logger=server
t=2019-02-21T01:29:12+0100 lvl=info msg="Starting plugin search" logger=plugins
t=2019-02-21T01:29:12+0100 lvl=info msg="Initializing InternalMetricsService" logger=server
t=2019-02-21T01:29:12+0100 lvl=info msg="Initializing RenderingService" logger=server
t=2019-02-21T01:29:12+0100 lvl=info msg="Initializing HooksService" logger=server
t=2019-02-21T01:29:12+0100 lvl=info msg="Initializing SearchService" logger=server
t=2019-02-21T01:29:12+0100 lvl=info msg="Initializing CleanUpService" logger=server
t=2019-02-21T01:29:12+0100 lvl=info msg="Initializing NotificationService" logger=server
t=2019-02-21T01:29:12+0100 lvl=info msg="Initializing ProvisioningService" logger=server
t=2019-02-21T01:29:12+0100 lvl=info msg="Initializing AlertingService" logger=server
t=2019-02-21T01:29:12+0100 lvl=info msg="Initializing TracingService" logger=server
t=2019-02-21T01:29:12+0100 lvl=info msg="Initializing Stream Manager"
t=2019-02-21T01:29:12+0100 lvl=info msg="HTTP Server Listen" logger=http.server address=0.0.0.0:8080 protocol=http subUrl= socket=
t=2019-02-21T01:29:12+0100 lvl=eror msg="Stopped HTTPServer" logger=server reason="listen tcp 0.0.0.0:8080: bind: Only one usage of each socket address (protocol/network address/port) is normally permitted."
t=2019-02-21T01:29:12+0100 lvl=info msg="Stopped NotificationService" logger=server reason="context canceled"
t=2019-02-21T01:29:12+0100 lvl=info msg="Stopped AlertingService" logger=server reason="context canceled"
t=2019-02-21T01:29:12+0100 lvl=info msg="Stopped CleanUpService" logger=server reason="context canceled"
t=2019-02-21T01:29:12+0100 lvl=info msg="Stopped Stream Manager"
t=2019-02-21T01:29:12+0100 lvl=info msg="Stopped InternalMetricsService" logger=server reason="context canceled"
t=2019-02-21T01:29:12+0100 lvl=info msg="Stopped TracingService" logger=server reason=nil
t=2019-02-21T01:29:12+0100 lvl=info msg="Stopped ProvisioningService" logger=server reason="context canceled"
t=2019-02-21T01:29:12+0100 lvl=info msg="Stopped RenderingService" logger=server reason=nil
t=2019-02-21T01:29:12+0100 lvl=info msg="Stopped PluginManager" logger=server reason="context canceled"
t=2019-02-21T01:29:12+0100 lvl=eror msg="Server shutdown" logger=server reason="listen tcp 0.0.0.0:8080: bind: Only one usage of each socket address (protocol/network address/port) is normally permitted."
t=2019-02-21T01:31:16+0100 lvl=info msg="Starting Grafana" logger=server version=5.4.0-pre1 commit=8be4490 compiled=2018-10-19T15:55:11+0200
t=2019-02-21T01:31:16+0100 lvl=info msg="Config loaded from" logger=settings file=C:\\dev\\online-monitoring-client\\src\\github.com\\grafana\\grafana/conf/defaults.ini
t=2019-02-21T01:31:16+0100 lvl=info msg="Config loaded from" logger=settings file=C:\\dev\\online-monitoring-client\\src\\github.com\\grafana\\grafana\\conf\\custom.ini
t=2019-02-21T01:31:16+0100 lvl=info msg="Path Home" logger=settings path=C:\\dev\\online-monitoring-client\\src\\github.com\\grafana\\grafana
t=2019-02-21T01:31:16+0100 lvl=info msg="Path Data" logger=settings path=C:\\dev\\online-monitoring-client\\src\\github.com\\grafana\\grafana\\data
t=2019-02-21T01:31:16+0100 lvl=info msg="Path Logs" logger=settings path=C:\\dev\\online-monitoring-client\\src\\github.com\\grafana\\grafana\\data\\log
t=2019-02-21T01:31:16+0100 lvl=info msg="Path Plugins" logger=settings path=C:\\dev\\online-monitoring-client\\src\\github.com\\grafana\\grafana\\data\\plugins
t=2019-02-21T01:31:16+0100 lvl=info msg="Path Provisioning" logger=settings path=C:\\dev\\online-monitoring-client\\src\\github.com\\grafana\\grafana\\conf\\provisioning
t=2019-02-21T01:31:16+0100 lvl=info msg="App mode production" logger=settings
t=2019-02-21T01:31:16+0100 lvl=info msg="Initializing HTTPServer" logger=server
t=2019-02-21T01:31:16+0100 lvl=info msg="Initializing SqlStore" logger=server
t=2019-02-21T01:31:16+0100 lvl=info msg="Connecting to DB" logger=sqlstore dbtype=sqlite3
t=2019-02-21T01:31:16+0100 lvl=info msg="Starting DB migration" logger=migrator
t=2019-02-21T01:31:16+0100 lvl=info msg="Initializing PluginManager" logger=server
t=2019-02-21T01:31:16+0100 lvl=info msg="Starting plugin search" logger=plugins
t=2019-02-21T01:31:16+0100 lvl=info msg="Initializing InternalMetricsService" logger=server
t=2019-02-21T01:31:16+0100 lvl=info msg="Initializing RenderingService" logger=server
t=2019-02-21T01:31:16+0100 lvl=info msg="Initializing HooksService" logger=server
t=2019-02-21T01:31:16+0100 lvl=info msg="Initializing SearchService" logger=server
t=2019-02-21T01:31:16+0100 lvl=info msg="Initializing CleanUpService" logger=server
t=2019-02-21T01:31:16+0100 lvl=info msg="Initializing NotificationService" logger=server
t=2019-02-21T01:31:16+0100 lvl=info msg="Initializing ProvisioningService" logger=server
t=2019-02-21T01:31:16+0100 lvl=info msg="Initializing AlertingService" logger=server
t=2019-02-21T01:31:16+0100 lvl=info msg="Initializing TracingService" logger=server
t=2019-02-21T01:31:16+0100 lvl=info msg="Initializing Stream Manager"
t=2019-02-21T01:31:16+0100 lvl=info msg="HTTP Server Listen" logger=http.server address=0.0.0.0:8080 protocol=http subUrl= socket=
t=2019-02-21T01:31:16+0100 lvl=eror msg="Stopped HTTPServer" logger=server reason="listen tcp 0.0.0.0:8080: bind: Only one usage of each socket address (protocol/network address/port) is normally permitted."
t=2019-02-21T01:31:16+0100 lvl=info msg="Stopped RenderingService" logger=server reason=nil
t=2019-02-21T01:31:16+0100 lvl=info msg="Stopped Stream Manager"
t=2019-02-21T01:31:16+0100 lvl=info msg="Stopped InternalMetricsService" logger=server reason="context canceled"
t=2019-02-21T01:31:16+0100 lvl=info msg="Stopped ProvisioningService" logger=server reason="context canceled"
t=2019-02-21T01:31:16+0100 lvl=info msg="Stopped TracingService" logger=server reason=nil
t=2019-02-21T01:31:16+0100 lvl=info msg="Stopped CleanUpService" logger=server reason="context canceled"
t=2019-02-21T01:31:16+0100 lvl=info msg="Stopped NotificationService" logger=server reason="context canceled"
t=2019-02-21T01:31:16+0100 lvl=info msg="Stopped AlertingService" logger=server reason="context canceled"
t=2019-02-21T01:31:16+0100 lvl=info msg="Stopped PluginManager" logger=server reason="context canceled"
t=2019-02-21T01:31:16+0100 lvl=eror msg="Server shutdown" logger=server reason="listen tcp 0.0.0.0:8080: bind: Only one usage of each socket address (protocol/network address/port) is normally permitted."
t=2019-02-21T01:38:52+0100 lvl=info msg="Starting Grafana" logger=server version=5.4.0-pre1 commit=8be4490 compiled=2018-10-19T15:55:11+0200
t=2019-02-21T01:38:52+0100 lvl=info msg="Config loaded from" logger=settings file=C:\\dev\\online-monitoring-client\\src\\github.com\\grafana\\grafana/conf/defaults.ini
t=2019-02-21T01:38:52+0100 lvl=info msg="Config loaded from" logger=settings file=C:\\dev\\online-monitoring-client\\src\\github.com\\grafana\\grafana\\conf\\custom.ini
t=2019-02-21T01:38:52+0100 lvl=info msg="Path Home" logger=settings path=C:\\dev\\online-monitoring-client\\src\\github.com\\grafana\\grafana
t=2019-02-21T01:38:52+0100 lvl=info msg="Path Data" logger=settings path=C:\\dev\\online-monitoring-client\\src\\github.com\\grafana\\grafana\\data
t=2019-02-21T01:38:52+0100 lvl=info msg="Path Logs" logger=settings path=C:\\dev\\online-monitoring-client\\src\\github.com\\grafana\\grafana\\data\\log
t=2019-02-21T01:38:52+0100 lvl=info msg="Path Plugins" logger=settings path=C:\\dev\\online-monitoring-client\\src\\github.com\\grafana\\grafana\\data\\plugins
t=2019-02-21T01:38:52+0100 lvl=info msg="Path Provisioning" logger=settings path=C:\\dev\\online-monitoring-client\\src\\github.com\\grafana\\grafana\\conf\\provisioning
t=2019-02-21T01:38:52+0100 lvl=info msg="App mode production" logger=settings
t=2019-02-21T01:38:52+0100 lvl=info msg="Initializing HTTPServer" logger=server
t=2019-02-21T01:38:52+0100 lvl=info msg="Initializing SqlStore" logger=server
t=2019-02-21T01:38:52+0100 lvl=info msg="Connecting to DB" logger=sqlstore dbtype=sqlite3
t=2019-02-21T01:38:52+0100 lvl=info msg="Starting DB migration" logger=migrator
t=2019-02-21T01:38:52+0100 lvl=info msg="Initializing PluginManager" logger=server
t=2019-02-21T01:38:52+0100 lvl=info msg="Starting plugin search" logger=plugins
t=2019-02-21T01:38:52+0100 lvl=info msg="Initializing InternalMetricsService" logger=server
t=2019-02-21T01:38:52+0100 lvl=info msg="Initializing RenderingService" logger=server
t=2019-02-21T01:38:52+0100 lvl=info msg="Initializing HooksService" logger=server
t=2019-02-21T01:38:52+0100 lvl=info msg="Initializing SearchService" logger=server
t=2019-02-21T01:38:52+0100 lvl=info msg="Initializing CleanUpService" logger=server
t=2019-02-21T01:38:52+0100 lvl=info msg="Initializing NotificationService" logger=server
t=2019-02-21T01:38:52+0100 lvl=info msg="Initializing ProvisioningService" logger=server
t=2019-02-21T01:38:52+0100 lvl=info msg="Initializing AlertingService" logger=server
t=2019-02-21T01:38:52+0100 lvl=info msg="Initializing TracingService" logger=server
t=2019-02-21T01:38:52+0100 lvl=info msg="Initializing Stream Manager"
t=2019-02-21T01:38:52+0100 lvl=info msg="HTTP Server Listen" logger=http.server address=0.0.0.0:8080 protocol=http subUrl= socket=
t=2019-02-21T01:38:52+0100 lvl=eror msg="Stopped HTTPServer" logger=server reason="listen tcp 0.0.0.0:8080: bind: Only one usage of each socket address (protocol/network address/port) is normally permitted."
t=2019-02-21T01:38:52+0100 lvl=info msg="Stopped CleanUpService" logger=server reason="context canceled"
t=2019-02-21T01:38:52+0100 lvl=info msg="Stopped Stream Manager"
t=2019-02-21T01:38:52+0100 lvl=info msg="Stopped AlertingService" logger=server reason="context canceled"
t=2019-02-21T01:38:52+0100 lvl=info msg="Stopped RenderingService" logger=server reason=nil
t=2019-02-21T01:38:52+0100 lvl=info msg="Stopped NotificationService" logger=server reason="context canceled"
t=2019-02-21T01:38:52+0100 lvl=info msg="Stopped TracingService" logger=server reason=nil
t=2019-02-21T01:38:52+0100 lvl=info msg="Stopped InternalMetricsService" logger=server reason="context canceled"
t=2019-02-21T01:38:52+0100 lvl=info msg="Stopped ProvisioningService" logger=server reason="context canceled"
t=2019-02-21T01:38:52+0100 lvl=info msg="Stopped PluginManager" logger=server reason="context canceled"
t=2019-02-21T01:38:52+0100 lvl=eror msg="Server shutdown" logger=server reason="listen tcp 0.0.0.0:8080: bind: Only one usage of each socket address (protocol/network address/port) is normally permitted."
t=2019-02-21T01:47:46+0100 lvl=info msg="Starting Grafana" logger=server version=5.4.0-pre1 commit=8be4490 compiled=2018-10-19T15:55:11+0200
t=2019-02-21T01:47:46+0100 lvl=info msg="Config loaded from" logger=settings file=C:\\dev\\online-monitoring-client\\src\\github.com\\grafana\\grafana/conf/defaults.ini
t=2019-02-21T01:47:46+0100 lvl=info msg="Config loaded from" logger=settings file=C:\\dev\\online-monitoring-client\\src\\github.com\\grafana\\grafana\\conf\\custom.ini
t=2019-02-21T01:47:46+0100 lvl=info msg="Path Home" logger=settings path=C:\\dev\\online-monitoring-client\\src\\github.com\\grafana\\grafana
t=2019-02-21T01:47:46+0100 lvl=info msg="Path Data" logger=settings path=C:\\dev\\online-monitoring-client\\src\\github.com\\grafana\\grafana\\data
t=2019-02-21T01:47:46+0100 lvl=info msg="Path Logs" logger=settings path=C:\\dev\\online-monitoring-client\\src\\github.com\\grafana\\grafana\\data\\log
t=2019-02-21T01:47:46+0100 lvl=info msg="Path Plugins" logger=settings path=C:\\dev\\online-monitoring-client\\src\\github.com\\grafana\\grafana\\data\\plugins
t=2019-02-21T01:47:46+0100 lvl=info msg="Path Provisioning" logger=settings path=C:\\dev\\online-monitoring-client\\src\\github.com\\grafana\\grafana\\conf\\provisioning
t=2019-02-21T01:47:46+0100 lvl=info msg="App mode production" logger=settings
t=2019-02-21T01:47:46+0100 lvl=info msg="Initializing HTTPServer" logger=server
t=2019-02-21T01:47:46+0100 lvl=info msg="Initializing SqlStore" logger=server
t=2019-02-21T01:47:46+0100 lvl=info msg="Connecting to DB" logger=sqlstore dbtype=sqlite3
t=2019-02-21T01:47:46+0100 lvl=info msg="Starting DB migration" logger=migrator
t=2019-02-21T01:47:46+0100 lvl=info msg="Initializing PluginManager" logger=server
t=2019-02-21T01:47:46+0100 lvl=info msg="Starting plugin search" logger=plugins
t=2019-02-21T01:47:46+0100 lvl=info msg="Initializing InternalMetricsService" logger=server
t=2019-02-21T01:47:46+0100 lvl=info msg="Initializing RenderingService" logger=server
t=2019-02-21T01:47:46+0100 lvl=info msg="Initializing HooksService" logger=server
t=2019-02-21T01:47:46+0100 lvl=info msg="Initializing SearchService" logger=server
t=2019-02-21T01:47:46+0100 lvl=info msg="Initializing CleanUpService" logger=server
t=2019-02-21T01:47:46+0100 lvl=info msg="Initializing NotificationService" logger=server
t=2019-02-21T01:47:46+0100 lvl=info msg="Initializing ProvisioningService" logger=server
t=2019-02-21T01:47:46+0100 lvl=info msg="Initializing AlertingService" logger=server
t=2019-02-21T01:47:46+0100 lvl=info msg="Initializing TracingService" logger=server
t=2019-02-21T01:47:46+0100 lvl=info msg="Initializing Stream Manager"
t=2019-02-21T01:47:46+0100 lvl=info msg="HTTP Server Listen" logger=http.server address=0.0.0.0:8080 protocol=http subUrl= socket=
t=2019-02-21T01:47:46+0100 lvl=eror msg="Stopped HTTPServer" logger=server reason="listen tcp 0.0.0.0:8080: bind: Only one usage of each socket address (protocol/network address/port) is normally permitted."
t=2019-02-21T01:47:46+0100 lvl=info msg="Stopped Stream Manager"
t=2019-02-21T01:47:46+0100 lvl=info msg="Stopped InternalMetricsService" logger=server reason="context canceled"
t=2019-02-21T01:47:46+0100 lvl=info msg="Stopped RenderingService" logger=server reason=nil
t=2019-02-21T01:47:46+0100 lvl=info msg="Stopped ProvisioningService" logger=server reason="context canceled"
t=2019-02-21T01:47:46+0100 lvl=info msg="Stopped NotificationService" logger=server reason="context canceled"
t=2019-02-21T01:47:46+0100 lvl=info msg="Stopped CleanUpService" logger=server reason="context canceled"
t=2019-02-21T01:47:46+0100 lvl=info msg="Stopped TracingService" logger=server reason=nil
t=2019-02-21T01:47:46+0100 lvl=info msg="Stopped AlertingService" logger=server reason="context canceled"
t=2019-02-21T01:47:47+0100 lvl=info msg="Stopped PluginManager" logger=server reason="context canceled"
t=2019-02-21T01:47:47+0100 lvl=eror msg="Server shutdown" logger=server reason="listen tcp 0.0.0.0:8080: bind: Only one usage of each socket address (protocol/network address/port) is normally permitted."
t=2019-02-21T01:51:35+0100 lvl=info msg="Starting Grafana" logger=server version=5.4.0-pre1 commit=8be4490 compiled=2018-10-19T15:55:11+0200
t=2019-02-21T01:51:35+0100 lvl=info msg="Config loaded from" logger=settings file=C:\\dev\\online-monitoring-client\\src\\github.com\\grafana\\grafana/conf/defaults.ini
t=2019-02-21T01:51:35+0100 lvl=info msg="Config loaded from" logger=settings file=C:\\dev\\online-monitoring-client\\src\\github.com\\grafana\\grafana\\conf\\custom.ini
t=2019-02-21T01:51:35+0100 lvl=info msg="Path Home" logger=settings path=C:\\dev\\online-monitoring-client\\src\\github.com\\grafana\\grafana
t=2019-02-21T01:51:35+0100 lvl=info msg="Path Data" logger=settings path=C:\\dev\\online-monitoring-client\\src\\github.com\\grafana\\grafana\\data
t=2019-02-21T01:51:35+0100 lvl=info msg="Path Logs" logger=settings path=C:\\dev\\online-monitoring-client\\src\\github.com\\grafana\\grafana\\data\\log
t=2019-02-21T01:51:35+0100 lvl=info msg="Path Plugins" logger=settings path=C:\\dev\\online-monitoring-client\\src\\github.com\\grafana\\grafana\\data\\plugins
t=2019-02-21T01:51:35+0100 lvl=info msg="Path Provisioning" logger=settings path=C:\\dev\\online-monitoring-client\\src\\github.com\\grafana\\grafana\\conf\\provisioning
t=2019-02-21T01:51:35+0100 lvl=info msg="App mode production" logger=settings
t=2019-02-21T01:51:35+0100 lvl=info msg="Initializing HTTPServer" logger=server
t=2019-02-21T01:51:35+0100 lvl=info msg="Initializing SqlStore" logger=server
t=2019-02-21T01:51:35+0100 lvl=info msg="Connecting to DB" logger=sqlstore dbtype=sqlite3
t=2019-02-21T01:51:35+0100 lvl=info msg="Starting DB migration" logger=migrator
t=2019-02-21T01:51:35+0100 lvl=info msg="Initializing PluginManager" logger=server
t=2019-02-21T01:51:35+0100 lvl=info msg="Starting plugin search" logger=plugins
t=2019-02-21T01:51:36+0100 lvl=info msg="Initializing InternalMetricsService" logger=server
t=2019-02-21T01:51:36+0100 lvl=info msg="Initializing RenderingService" logger=server
t=2019-02-21T01:51:36+0100 lvl=info msg="Initializing HooksService" logger=server
t=2019-02-21T01:51:36+0100 lvl=info msg="Initializing SearchService" logger=server
t=2019-02-21T01:51:36+0100 lvl=info msg="Initializing CleanUpService" logger=server
t=2019-02-21T01:51:36+0100 lvl=info msg="Initializing NotificationService" logger=server
t=2019-02-21T01:51:36+0100 lvl=info msg="Initializing ProvisioningService" logger=server
t=2019-02-21T01:51:36+0100 lvl=info msg="Initializing AlertingService" logger=server
t=2019-02-21T01:51:36+0100 lvl=info msg="Initializing TracingService" logger=server
t=2019-02-21T01:51:36+0100 lvl=info msg="Initializing Stream Manager"
t=2019-02-21T01:51:36+0100 lvl=info msg="HTTP Server Listen" logger=http.server address=0.0.0.0:8080 protocol=http subUrl= socket=
t=2019-02-21T01:51:36+0100 lvl=eror msg="Stopped HTTPServer" logger=server reason="listen tcp 0.0.0.0:8080: bind: Only one usage of each socket address (protocol/network address/port) is normally permitted."
t=2019-02-21T01:51:36+0100 lvl=info msg="Stopped Stream Manager"
t=2019-02-21T01:51:36+0100 lvl=info msg="Stopped CleanUpService" logger=server reason="context canceled"
t=2019-02-21T01:51:36+0100 lvl=info msg="Stopped AlertingService" logger=server reason="context canceled"
t=2019-02-21T01:51:36+0100 lvl=info msg="Stopped TracingService" logger=server reason=nil
t=2019-02-21T01:51:36+0100 lvl=info msg="Stopped ProvisioningService" logger=server reason="context canceled"
t=2019-02-21T01:51:36+0100 lvl=info msg="Stopped NotificationService" logger=server reason="context canceled"
t=2019-02-21T01:51:36+0100 lvl=info msg="Stopped InternalMetricsService" logger=server reason="context canceled"
t=2019-02-21T01:51:36+0100 lvl=info msg="Stopped RenderingService" logger=server reason=nil
t=2019-02-21T01:51:36+0100 lvl=info msg="Stopped PluginManager" logger=server reason="context canceled"
t=2019-02-21T01:51:36+0100 lvl=eror msg="Server shutdown" logger=server reason="listen tcp 0.0.0.0:8080: bind: Only one usage of each socket address (protocol/network address/port) is normally permitted."
t=2019-02-21T01:54:30+0100 lvl=info msg="Starting Grafana" logger=server version=5.4.0-pre1 commit=8be4490 compiled=2018-10-19T15:55:11+0200
t=2019-02-21T01:54:30+0100 lvl=info msg="Config loaded from" logger=settings file=C:\\dev\\online-monitoring-client\\src\\github.com\\grafana\\grafana/conf/defaults.ini
t=2019-02-21T01:54:30+0100 lvl=info msg="Config loaded from" logger=settings file=C:\\dev\\online-monitoring-client\\src\\github.com\\grafana\\grafana\\conf\\custom.ini
t=2019-02-21T01:54:30+0100 lvl=info msg="Path Home" logger=settings path=C:\\dev\\online-monitoring-client\\src\\github.com\\grafana\\grafana
t=2019-02-21T01:54:30+0100 lvl=info msg="Path Data" logger=settings path=C:\\dev\\online-monitoring-client\\src\\github.com\\grafana\\grafana\\data
t=2019-02-21T01:54:30+0100 lvl=info msg="Path Logs" logger=settings path=C:\\dev\\online-monitoring-client\\src\\github.com\\grafana\\grafana\\data\\log
t=2019-02-21T01:54:30+0100 lvl=info msg="Path Plugins" logger=settings path=C:\\dev\\online-monitoring-client\\src\\github.com\\grafana\\grafana\\data\\plugins
t=2019-02-21T01:54:30+0100 lvl=info msg="Path Provisioning" logger=settings path=C:\\dev\\online-monitoring-client\\src\\github.com\\grafana\\grafana\\conf\\provisioning
t=2019-02-21T01:54:30+0100 lvl=info msg="App mode production" logger=settings
t=2019-02-21T01:54:30+0100 lvl=info msg="Initializing HTTPServer" logger=server
t=2019-02-21T01:54:30+0100 lvl=info msg="Initializing SqlStore" logger=server
t=2019-02-21T01:54:30+0100 lvl=info msg="Connecting to DB" logger=sqlstore dbtype=sqlite3
t=2019-02-21T01:54:30+0100 lvl=info msg="Starting DB migration" logger=migrator
t=2019-02-21T01:54:30+0100 lvl=info msg="Initializing PluginManager" logger=server
t=2019-02-21T01:54:30+0100 lvl=info msg="Starting plugin search" logger=plugins
t=2019-02-21T01:54:30+0100 lvl=info msg="Initializing InternalMetricsService" logger=server
t=2019-02-21T01:54:30+0100 lvl=info msg="Initializing RenderingService" logger=server
t=2019-02-21T01:54:30+0100 lvl=info msg="Initializing HooksService" logger=server
t=2019-02-21T01:54:30+0100 lvl=info msg="Initializing SearchService" logger=server
t=2019-02-21T01:54:30+0100 lvl=info msg="Initializing CleanUpService" logger=server
t=2019-02-21T01:54:30+0100 lvl=info msg="Initializing NotificationService" logger=server
t=2019-02-21T01:54:30+0100 lvl=info msg="Initializing ProvisioningService" logger=server
t=2019-02-21T01:54:30+0100 lvl=info msg="Initializing AlertingService" logger=server
t=2019-02-21T01:54:30+0100 lvl=info msg="Initializing TracingService" logger=server
t=2019-02-21T01:54:30+0100 lvl=info msg="Initializing Stream Manager"
t=2019-02-21T01:54:30+0100 lvl=info msg="HTTP Server Listen" logger=http.server address=0.0.0.0:8080 protocol=http subUrl= socket=
t=2019-02-21T01:54:30+0100 lvl=eror msg="Stopped HTTPServer" logger=server reason="listen tcp 0.0.0.0:8080: bind: Only one usage of each socket address (protocol/network address/port) is normally permitted."
t=2019-02-21T01:54:30+0100 lvl=info msg="Stopped Stream Manager"
t=2019-02-21T01:54:30+0100 lvl=info msg="Stopped InternalMetricsService" logger=server reason="context canceled"
t=2019-02-21T01:54:30+0100 lvl=info msg="Stopped NotificationService" logger=server reason="context canceled"
t=2019-02-21T01:54:30+0100 lvl=info msg="Stopped ProvisioningService" logger=server reason="context canceled"
t=2019-02-21T01:54:30+0100 lvl=info msg="Stopped RenderingService" logger=server reason=nil
t=2019-02-21T01:54:30+0100 lvl=info msg="Stopped CleanUpService" logger=server reason="context canceled"
t=2019-02-21T01:54:30+0100 lvl=info msg="Stopped TracingService" logger=server reason=nil
t=2019-02-21T01:54:30+0100 lvl=info msg="Stopped AlertingService" logger=server reason="context canceled"
t=2019-02-21T01:54:30+0100 lvl=info msg="Stopped PluginManager" logger=server reason="context canceled"
t=2019-02-21T01:54:30+0100 lvl=eror msg="Server shutdown" logger=server reason="listen tcp 0.0.0.0:8080: bind: Only one usage of each socket address (protocol/network address/port) is normally permitted."
t=2019-02-21T01:57:48+0100 lvl=info msg="Starting Grafana" logger=server version=5.4.0-pre1 commit=8be4490 compiled=2018-10-19T15:55:11+0200
t=2019-02-21T01:57:48+0100 lvl=info msg="Config loaded from" logger=settings file=C:\\dev\\online-monitoring-client\\src\\github.com\\grafana\\grafana/conf/defaults.ini
t=2019-02-21T01:57:48+0100 lvl=info msg="Config loaded from" logger=settings file=C:\\dev\\online-monitoring-client\\src\\github.com\\grafana\\grafana\\conf\\custom.ini
t=2019-02-21T01:57:48+0100 lvl=info msg="Path Home" logger=settings path=C:\\dev\\online-monitoring-client\\src\\github.com\\grafana\\grafana
t=2019-02-21T01:57:48+0100 lvl=info msg="Path Data" logger=settings path=C:\\dev\\online-monitoring-client\\src\\github.com\\grafana\\grafana\\data
t=2019-02-21T01:57:48+0100 lvl=info msg="Path Logs" logger=settings path=C:\\dev\\online-monitoring-client\\src\\github.com\\grafana\\grafana\\data\\log
t=2019-02-21T01:57:48+0100 lvl=info msg="Path Plugins" logger=settings path=C:\\dev\\online-monitoring-client\\src\\github.com\\grafana\\grafana\\data\\plugins
t=2019-02-21T01:57:48+0100 lvl=info msg="Path Provisioning" logger=settings path=C:\\dev\\online-monitoring-client\\src\\github.com\\grafana\\grafana\\conf\\provisioning
t=2019-02-21T01:57:48+0100 lvl=info msg="App mode production" logger=settings
t=2019-02-21T01:57:48+0100 lvl=info msg="Initializing HTTPServer" logger=server
t=2019-02-21T01:57:48+0100 lvl=info msg="Initializing SqlStore" logger=server
t=2019-02-21T01:57:48+0100 lvl=info msg="Connecting to DB" logger=sqlstore dbtype=sqlite3
t=2019-02-21T01:57:48+0100 lvl=info msg="Starting DB migration" logger=migrator
t=2019-02-21T01:57:48+0100 lvl=info msg="Initializing PluginManager" logger=server
t=2019-02-21T01:57:48+0100 lvl=info msg="Starting plugin search" logger=plugins
t=2019-02-21T01:57:48+0100 lvl=info msg="Initializing InternalMetricsService" logger=server
t=2019-02-21T01:57:48+0100 lvl=info msg="Initializing RenderingService" logger=server
t=2019-02-21T01:57:48+0100 lvl=info msg="Initializing HooksService" logger=server
t=2019-02-21T01:57:48+0100 lvl=info msg="Initializing SearchService" logger=server
t=2019-02-21T01:57:48+0100 lvl=info msg="Initializing CleanUpService" logger=server
t=2019-02-21T01:57:48+0100 lvl=info msg="Initializing NotificationService" logger=server
t=2019-02-21T01:57:48+0100 lvl=info msg="Initializing ProvisioningService" logger=server
t=2019-02-21T01:57:48+0100 lvl=info msg="Initializing AlertingService" logger=server
t=2019-02-21T01:57:48+0100 lvl=info msg="Initializing TracingService" logger=server
t=2019-02-21T01:57:48+0100 lvl=info msg="Initializing Stream Manager"
t=2019-02-21T01:57:48+0100 lvl=info msg="HTTP Server Listen" logger=http.server address=0.0.0.0:8080 protocol=http subUrl= socket=
t=2019-02-21T01:57:48+0100 lvl=eror msg="Stopped HTTPServer" logger=server reason="listen tcp 0.0.0.0:8080: bind: Only one usage of each socket address (protocol/network address/port) is normally permitted."
t=2019-02-21T01:57:48+0100 lvl=info msg="Stopped RenderingService" logger=server reason=nil
t=2019-02-21T01:57:48+0100 lvl=info msg="Stopped NotificationService" logger=server reason="context canceled"
t=2019-02-21T01:57:48+0100 lvl=info msg="Stopped CleanUpService" logger=server reason="context canceled"
t=2019-02-21T01:57:48+0100 lvl=info msg="Stopped TracingService" logger=server reason=nil
t=2019-02-21T01:57:48+0100 lvl=info msg="Stopped Stream Manager"
t=2019-02-21T01:57:48+0100 lvl=info msg="Stopped AlertingService" logger=server reason="context canceled"
t=2019-02-21T01:57:48+0100 lvl=info msg="Stopped InternalMetricsService" logger=server reason="context canceled"
t=2019-02-21T01:57:48+0100 lvl=info msg="Stopped ProvisioningService" logger=server reason="context canceled"
t=2019-02-21T01:57:48+0100 lvl=info msg="Stopped PluginManager" logger=server reason="context canceled"
t=2019-02-21T01:57:48+0100 lvl=eror msg="Server shutdown" logger=server reason="listen tcp 0.0.0.0:8080: bind: Only one usage of each socket address (protocol/network address/port) is normally permitted."
t=2019-02-21T02:05:18+0100 lvl=info msg="Starting Grafana" logger=server version=5.4.0-pre1 commit=8be4490 compiled=2018-10-19T15:55:11+0200
t=2019-02-21T02:05:18+0100 lvl=info msg="Config loaded from" logger=settings file=C:\\dev\\online-monitoring-client\\src\\github.com\\grafana\\grafana/conf/defaults.ini
t=2019-02-21T02:05:18+0100 lvl=info msg="Config loaded from" logger=settings file=C:\\dev\\online-monitoring-client\\src\\github.com\\grafana\\grafana\\conf\\custom.ini
t=2019-02-21T02:05:18+0100 lvl=info msg="Path Home" logger=settings path=C:\\dev\\online-monitoring-client\\src\\github.com\\grafana\\grafana
t=2019-02-21T02:05:18+0100 lvl=info msg="Path Data" logger=settings path=C:\\dev\\online-monitoring-client\\src\\github.com\\grafana\\grafana\\data
t=2019-02-21T02:05:18+0100 lvl=info msg="Path Logs" logger=settings path=C:\\dev\\online-monitoring-client\\src\\github.com\\grafana\\grafana\\data\\log
t=2019-02-21T02:05:18+0100 lvl=info msg="Path Plugins" logger=settings path=C:\\dev\\online-monitoring-client\\src\\github.com\\grafana\\grafana\\data\\plugins
t=2019-02-21T02:05:18+0100 lvl=info msg="Path Provisioning" logger=settings path=C:\\dev\\online-monitoring-client\\src\\github.com\\grafana\\grafana\\conf\\provisioning
t=2019-02-21T02:05:18+0100 lvl=info msg="App mode production" logger=settings
t=2019-02-21T02:05:18+0100 lvl=info msg="Initializing HTTPServer" logger=server
t=2019-02-21T02:05:18+0100 lvl=info msg="Initializing SqlStore" logger=server
t=2019-02-21T02:05:18+0100 lvl=info msg="Connecting to DB" logger=sqlstore dbtype=sqlite3
t=2019-02-21T02:05:18+0100 lvl=info msg="Starting DB migration" logger=migrator
t=2019-02-21T02:05:18+0100 lvl=info msg="Initializing PluginManager" logger=server
t=2019-02-21T02:05:18+0100 lvl=info msg="Starting plugin search" logger=plugins
t=2019-02-21T02:05:18+0100 lvl=info msg="Initializing InternalMetricsService" logger=server
t=2019-02-21T02:05:18+0100 lvl=info msg="Initializing RenderingService" logger=server
t=2019-02-21T02:05:18+0100 lvl=info msg="Initializing HooksService" logger=server
t=2019-02-21T02:05:18+0100 lvl=info msg="Initializing SearchService" logger=server
t=2019-02-21T02:05:18+0100 lvl=info msg="Initializing CleanUpService" logger=server
t=2019-02-21T02:05:18+0100 lvl=info msg="Initializing NotificationService" logger=server
t=2019-02-21T02:05:18+0100 lvl=info msg="Initializing ProvisioningService" logger=server
t=2019-02-21T02:05:18+0100 lvl=info msg="Initializing AlertingService" logger=server
t=2019-02-21T02:05:19+0100 lvl=info msg="Initializing TracingService" logger=server
t=2019-02-21T02:05:19+0100 lvl=info msg="Initializing Stream Manager"
t=2019-02-21T02:05:19+0100 lvl=info msg="HTTP Server Listen" logger=http.server address=0.0.0.0:8080 protocol=http subUrl= socket=
t=2019-02-21T02:05:19+0100 lvl=eror msg="Stopped HTTPServer" logger=server reason="listen tcp 0.0.0.0:8080: bind: Only one usage of each socket address (protocol/network address/port) is normally permitted."
t=2019-02-21T02:05:19+0100 lvl=info msg="Stopped Stream Manager"
t=2019-02-21T02:05:19+0100 lvl=info msg="Stopped InternalMetricsService" logger=server reason="context canceled"
t=2019-02-21T02:05:19+0100 lvl=info msg="Stopped CleanUpService" logger=server reason="context canceled"
t=2019-02-21T02:05:19+0100 lvl=info msg="Stopped ProvisioningService" logger=server reason="context canceled"
t=2019-02-21T02:05:19+0100 lvl=info msg="Stopped NotificationService" logger=server reason="context canceled"
t=2019-02-21T02:05:19+0100 lvl=info msg="Stopped RenderingService" logger=server reason=nil
t=2019-02-21T02:05:19+0100 lvl=info msg="Stopped TracingService" logger=server reason=nil
t=2019-02-21T02:05:19+0100 lvl=info msg="Stopped AlertingService" logger=server reason="context canceled"
t=2019-02-21T02:05:19+0100 lvl=info msg="Stopped PluginManager" logger=server reason="context canceled"
t=2019-02-21T02:05:19+0100 lvl=eror msg="Server shutdown" logger=server reason="listen tcp 0.0.0.0:8080: bind: Only one usage of each socket address (protocol/network address/port) is normally permitted."
t=2019-02-21T02:14:00+0100 lvl=info msg="Starting Grafana" logger=server version=5.4.0-pre1 commit=8be4490 compiled=2018-10-19T15:55:11+0200
t=2019-02-21T02:14:00+0100 lvl=info msg="Config loaded from" logger=settings file=C:\\dev\\online-monitoring-client\\src\\github.com\\grafana\\grafana/conf/defaults.ini
t=2019-02-21T02:14:00+0100 lvl=info msg="Config loaded from" logger=settings file=C:\\dev\\online-monitoring-client\\src\\github.com\\grafana\\grafana\\conf\\custom.ini
t=2019-02-21T02:14:00+0100 lvl=info msg="Path Home" logger=settings path=C:\\dev\\online-monitoring-client\\src\\github.com\\grafana\\grafana
t=2019-02-21T02:14:00+0100 lvl=info msg="Path Data" logger=settings path=C:\\dev\\online-monitoring-client\\src\\github.com\\grafana\\grafana\\data
t=2019-02-21T02:14:00+0100 lvl=info msg="Path Logs" logger=settings path=C:\\dev\\online-monitoring-client\\src\\github.com\\grafana\\grafana\\data\\log
t=2019-02-21T02:14:00+0100 lvl=info msg="Path Plugins" logger=settings path=C:\\dev\\online-monitoring-client\\src\\github.com\\grafana\\grafana\\data\\plugins
t=2019-02-21T02:14:00+0100 lvl=info msg="Path Provisioning" logger=settings path=C:\\dev\\online-monitoring-client\\src\\github.com\\grafana\\grafana\\conf\\provisioning
t=2019-02-21T02:14:00+0100 lvl=info msg="App mode production" logger=settings
t=2019-02-21T02:14:00+0100 lvl=info msg="Initializing HTTPServer" logger=server
t=2019-02-21T02:14:00+0100 lvl=info msg="Initializing SqlStore" logger=server
t=2019-02-21T02:14:00+0100 lvl=info msg="Connecting to DB" logger=sqlstore dbtype=sqlite3
t=2019-02-21T02:14:00+0100 lvl=info msg="Starting DB migration" logger=migrator
t=2019-02-21T02:14:00+0100 lvl=info msg="Initializing PluginManager" logger=server
t=2019-02-21T02:14:00+0100 lvl=info msg="Starting plugin search" logger=plugins
t=2019-02-21T02:14:00+0100 lvl=info msg="Initializing InternalMetricsService" logger=server
t=2019-02-21T02:14:00+0100 lvl=info msg="Initializing RenderingService" logger=server
t=2019-02-21T02:14:00+0100 lvl=info msg="Initializing HooksService" logger=server
t=2019-02-21T02:14:00+0100 lvl=info msg="Initializing SearchService" logger=server
t=2019-02-21T02:14:00+0100 lvl=info msg="Initializing CleanUpService" logger=server
t=2019-02-21T02:14:00+0100 lvl=info msg="Initializing NotificationService" logger=server
t=2019-02-21T02:14:00+0100 lvl=info msg="Initializing ProvisioningService" logger=server
t=2019-02-21T02:14:00+0100 lvl=info msg="Initializing AlertingService" logger=server
t=2019-02-21T02:14:00+0100 lvl=info msg="Initializing TracingService" logger=server
t=2019-02-21T02:14:00+0100 lvl=info msg="Initializing Stream Manager"
t=2019-02-21T02:14:00+0100 lvl=info msg="HTTP Server Listen" logger=http.server address=0.0.0.0:8080 protocol=http subUrl= socket=
t=2019-02-21T02:14:00+0100 lvl=eror msg="Stopped HTTPServer" logger=server reason="listen tcp 0.0.0.0:8080: bind: Only one usage of each socket address (protocol/network address/port) is normally permitted."
t=2019-02-21T02:14:00+0100 lvl=info msg="Stopped ProvisioningService" logger=server reason="context canceled"
t=2019-02-21T02:14:00+0100 lvl=info msg="Stopped Stream Manager"
t=2019-02-21T02:14:00+0100 lvl=info msg="Stopped NotificationService" logger=server reason="context canceled"
t=2019-02-21T02:14:00+0100 lvl=info msg="Stopped CleanUpService" logger=server reason="context canceled"
t=2019-02-21T02:14:00+0100 lvl=info msg="Stopped TracingService" logger=server reason=nil
t=2019-02-21T02:14:00+0100 lvl=info msg="Stopped InternalMetricsService" logger=server reason="context canceled"
t=2019-02-21T02:14:00+0100 lvl=info msg="Stopped RenderingService" logger=server reason=nil
t=2019-02-21T02:14:00+0100 lvl=info msg="Stopped AlertingService" logger=server reason="context canceled"
t=2019-02-21T02:14:01+0100 lvl=info msg="Stopped PluginManager" logger=server reason="context canceled"
t=2019-02-21T02:14:01+0100 lvl=eror msg="Server shutdown" logger=server reason="listen tcp 0.0.0.0:8080: bind: Only one usage of each socket address (protocol/network address/port) is normally permitted."
t=2019-02-21T02:15:55+0100 lvl=info msg="Starting Grafana" logger=server version=5.4.0-pre1 commit=8be4490 compiled=2018-10-19T15:55:11+0200
t=2019-02-21T02:15:55+0100 lvl=info msg="Config loaded from" logger=settings file=C:\\dev\\online-monitoring-client\\src\\github.com\\grafana\\grafana/conf/defaults.ini
t=2019-02-21T02:15:55+0100 lvl=info msg="Config loaded from" logger=settings file=C:\\dev\\online-monitoring-client\\src\\github.com\\grafana\\grafana\\conf\\custom.ini
t=2019-02-21T02:15:55+0100 lvl=info msg="Path Home" logger=settings path=C:\\dev\\online-monitoring-client\\src\\github.com\\grafana\\grafana
t=2019-02-21T02:15:55+0100 lvl=info msg="Path Data" logger=settings path=C:\\dev\\online-monitoring-client\\src\\github.com\\grafana\\grafana\\data
t=2019-02-21T02:15:55+0100 lvl=info msg="Path Logs" logger=settings path=C:\\dev\\online-monitoring-client\\src\\github.com\\grafana\\grafana\\data\\log
t=2019-02-21T02:15:55+0100 lvl=info msg="Path Plugins" logger=settings path=C:\\dev\\online-monitoring-client\\src\\github.com\\grafana\\grafana\\data\\plugins
t=2019-02-21T02:15:55+0100 lvl=info msg="Path Provisioning" logger=settings path=C:\\dev\\online-monitoring-client\\src\\github.com\\grafana\\grafana\\conf\\provisioning
t=2019-02-21T02:15:55+0100 lvl=info msg="App mode production" logger=settings
t=2019-02-21T02:15:55+0100 lvl=info msg="Initializing HTTPServer" logger=server
t=2019-02-21T02:15:55+0100 lvl=info msg="Initializing SqlStore" logger=server
t=2019-02-21T02:15:55+0100 lvl=info msg="Connecting to DB" logger=sqlstore dbtype=sqlite3
t=2019-02-21T02:15:55+0100 lvl=info msg="Starting DB migration" logger=migrator
t=2019-02-21T02:15:55+0100 lvl=info msg="Initializing PluginManager" logger=server
t=2019-02-21T02:15:55+0100 lvl=info msg="Starting plugin search" logger=plugins
t=2019-02-21T02:15:55+0100 lvl=info msg="Initializing InternalMetricsService" logger=server
t=2019-02-21T02:15:55+0100 lvl=info msg="Initializing RenderingService" logger=server
t=2019-02-21T02:15:55+0100 lvl=info msg="Initializing HooksService" logger=server
t=2019-02-21T02:15:55+0100 lvl=info msg="Initializing SearchService" logger=server
t=2019-02-21T02:15:55+0100 lvl=info msg="Initializing CleanUpService" logger=server
t=2019-02-21T02:15:55+0100 lvl=info msg="Initializing NotificationService" logger=server
t=2019-02-21T02:15:55+0100 lvl=info msg="Initializing ProvisioningService" logger=server
t=2019-02-21T02:15:55+0100 lvl=info msg="Initializing AlertingService" logger=server
t=2019-02-21T02:15:55+0100 lvl=info msg="Initializing TracingService" logger=server
t=2019-02-21T02:15:55+0100 lvl=info msg="Initializing Stream Manager"
t=2019-02-21T02:15:55+0100 lvl=info msg="HTTP Server Listen" logger=http.server address=0.0.0.0:8080 protocol=http subUrl= socket=
t=2019-02-21T02:15:55+0100 lvl=eror msg="Stopped HTTPServer" logger=server reason="listen tcp 0.0.0.0:8080: bind: Only one usage of each socket address (protocol/network address/port) is normally permitted."
t=2019-02-21T02:15:55+0100 lvl=info msg="Stopped RenderingService" logger=server reason=nil
t=2019-02-21T02:15:55+0100 lvl=info msg="Stopped Stream Manager"
t=2019-02-21T02:15:55+0100 lvl=info msg="Stopped NotificationService" logger=server reason="context canceled"
t=2019-02-21T02:15:55+0100 lvl=info msg="Stopped TracingService" logger=server reason=nil
t=2019-02-21T02:15:55+0100 lvl=info msg="Stopped InternalMetricsService" logger=server reason="context canceled"
t=2019-02-21T02:15:55+0100 lvl=info msg="Stopped AlertingService" logger=server reason="context canceled"
t=2019-02-21T02:15:55+0100 lvl=info msg="Stopped ProvisioningService" logger=server reason="context canceled"
t=2019-02-21T02:15:55+0100 lvl=info msg="Stopped CleanUpService" logger=server reason="context canceled"
t=2019-02-21T02:15:56+0100 lvl=info msg="Stopped PluginManager" logger=server reason="context canceled"
t=2019-02-21T02:15:56+0100 lvl=eror msg="Server shutdown" logger=server reason="listen tcp 0.0.0.0:8080: bind: Only one usage of each socket address (protocol/network address/port) is normally permitted."
t=2019-02-21T02:26:11+0100 lvl=info msg="Starting Grafana" logger=server version=5.4.0-pre1 commit=8be4490 compiled=2018-10-19T15:55:11+0200
t=2019-02-21T02:26:11+0100 lvl=info msg="Config loaded from" logger=settings file=C:\\dev\\online-monitoring-client\\src\\github.com\\grafana\\grafana/conf/defaults.ini
t=2019-02-21T02:26:11+0100 lvl=info msg="Config loaded from" logger=settings file=C:\\dev\\online-monitoring-client\\src\\github.com\\grafana\\grafana\\conf\\custom.ini
t=2019-02-21T02:26:11+0100 lvl=info msg="Path Home" logger=settings path=C:\\dev\\online-monitoring-client\\src\\github.com\\grafana\\grafana
t=2019-02-21T02:26:11+0100 lvl=info msg="Path Data" logger=settings path=C:\\dev\\online-monitoring-client\\src\\github.com\\grafana\\grafana\\data
t=2019-02-21T02:26:11+0100 lvl=info msg="Path Logs" logger=settings path=C:\\dev\\online-monitoring-client\\src\\github.com\\grafana\\grafana\\data\\log
t=2019-02-21T02:26:11+0100 lvl=info msg="Path Plugins" logger=settings path=C:\\dev\\online-monitoring-client\\src\\github.com\\grafana\\grafana\\data\\plugins
t=2019-02-21T02:26:11+0100 lvl=info msg="Path Provisioning" logger=settings path=C:\\dev\\online-monitoring-client\\src\\github.com\\grafana\\grafana\\conf\\provisioning
t=2019-02-21T02:26:11+0100 lvl=info msg="App mode production" logger=settings
t=2019-02-21T02:26:11+0100 lvl=info msg="Initializing HTTPServer" logger=server
t=2019-02-21T02:26:11+0100 lvl=info msg="Initializing SqlStore" logger=server
t=2019-02-21T02:26:11+0100 lvl=info msg="Connecting to DB" logger=sqlstore dbtype=sqlite3
t=2019-02-21T02:26:11+0100 lvl=info msg="Starting DB migration" logger=migrator
t=2019-02-21T02:26:11+0100 lvl=info msg="Initializing PluginManager" logger=server
t=2019-02-21T02:26:11+0100 lvl=info msg="Starting plugin search" logger=plugins
t=2019-02-21T02:26:11+0100 lvl=info msg="Initializing InternalMetricsService" logger=server
t=2019-02-21T02:26:11+0100 lvl=info msg="Initializing RenderingService" logger=server
t=2019-02-21T02:26:11+0100 lvl=info msg="Initializing HooksService" logger=server
t=2019-02-21T02:26:11+0100 lvl=info msg="Initializing SearchService" logger=server
t=2019-02-21T02:26:11+0100 lvl=info msg="Initializing CleanUpService" logger=server
t=2019-02-21T02:26:11+0100 lvl=info msg="Initializing NotificationService" logger=server
t=2019-02-21T02:26:11+0100 lvl=info msg="Initializing ProvisioningService" logger=server
t=2019-02-21T02:26:11+0100 lvl=info msg="Initializing AlertingService" logger=server
t=2019-02-21T02:26:11+0100 lvl=info msg="Initializing TracingService" logger=server
t=2019-02-21T02:26:11+0100 lvl=info msg="Initializing Stream Manager"
t=2019-02-21T02:26:11+0100 lvl=info msg="HTTP Server Listen" logger=http.server address=0.0.0.0:8080 protocol=http subUrl= socket=
t=2019-02-21T02:26:11+0100 lvl=eror msg="Stopped HTTPServer" logger=server reason="listen tcp 0.0.0.0:8080: bind: Only one usage of each socket address (protocol/network address/port) is normally permitted."
t=2019-02-21T02:26:11+0100 lvl=info msg="Stopped CleanUpService" logger=server reason="context canceled"
t=2019-02-21T02:26:11+0100 lvl=info msg="Stopped NotificationService" logger=server reason="context canceled"
t=2019-02-21T02:26:11+0100 lvl=info msg="Stopped RenderingService" logger=server reason=nil
t=2019-02-21T02:26:11+0100 lvl=info msg="Stopped AlertingService" logger=server reason="context canceled"
t=2019-02-21T02:26:11+0100 lvl=info msg="Stopped TracingService" logger=server reason=nil
t=2019-02-21T02:26:11+0100 lvl=info msg="Stopped Stream Manager"
t=2019-02-21T02:26:11+0100 lvl=info msg="Stopped InternalMetricsService" logger=server reason="context canceled"
t=2019-02-21T02:26:11+0100 lvl=info msg="Stopped ProvisioningService" logger=server reason="context canceled"
t=2019-02-21T02:26:11+0100 lvl=info msg="Stopped PluginManager" logger=server reason="context canceled"
t=2019-02-21T02:26:11+0100 lvl=eror msg="Server shutdown" logger=server reason="listen tcp 0.0.0.0:8080: bind: Only one usage of each socket address (protocol/network address/port) is normally permitted."
t=2019-02-21T02:26:17+0100 lvl=info msg="Starting Grafana" logger=server version=5.4.0-pre1 commit=8be4490 compiled=2018-10-19T15:55:11+0200
t=2019-02-21T02:26:17+0100 lvl=info msg="Config loaded from" logger=settings file=C:\\dev\\online-monitoring-client\\src\\github.com\\grafana\\grafana/conf/defaults.ini
t=2019-02-21T02:26:17+0100 lvl=info msg="Config loaded from" logger=settings file=C:\\dev\\online-monitoring-client\\src\\github.com\\grafana\\grafana\\conf\\custom.ini
t=2019-02-21T02:26:17+0100 lvl=info msg="Path Home" logger=settings path=C:\\dev\\online-monitoring-client\\src\\github.com\\grafana\\grafana
t=2019-02-21T02:26:17+0100 lvl=info msg="Path Data" logger=settings path=C:\\dev\\online-monitoring-client\\src\\github.com\\grafana\\grafana\\data
t=2019-02-21T02:26:17+0100 lvl=info msg="Path Logs" logger=settings path=C:\\dev\\online-monitoring-client\\src\\github.com\\grafana\\grafana\\data\\log
t=2019-02-21T02:26:17+0100 lvl=info msg="Path Plugins" logger=settings path=C:\\dev\\online-monitoring-client\\src\\github.com\\grafana\\grafana\\data\\plugins
t=2019-02-21T02:26:17+0100 lvl=info msg="Path Provisioning" logger=settings path=C:\\dev\\online-monitoring-client\\src\\github.com\\grafana\\grafana\\conf\\provisioning
t=2019-02-21T02:26:17+0100 lvl=info msg="App mode production" logger=settings
t=2019-02-21T02:26:17+0100 lvl=info msg="Initializing HTTPServer" logger=server
t=2019-02-21T02:26:17+0100 lvl=info msg="Initializing SqlStore" logger=server
t=2019-02-21T02:26:17+0100 lvl=info msg="Connecting to DB" logger=sqlstore dbtype=sqlite3
t=2019-02-21T02:26:17+0100 lvl=info msg="Starting DB migration" logger=migrator
t=2019-02-21T02:26:17+0100 lvl=info msg="Initializing PluginManager" logger=server
t=2019-02-21T02:26:17+0100 lvl=info msg="Starting plugin search" logger=plugins
t=2019-02-21T02:26:17+0100 lvl=info msg="Initializing InternalMetricsService" logger=server
t=2019-02-21T02:26:17+0100 lvl=info msg="Initializing RenderingService" logger=server
t=2019-02-21T02:26:17+0100 lvl=info msg="Initializing HooksService" logger=server
t=2019-02-21T02:26:17+0100 lvl=info msg="Initializing SearchService" logger=server
t=2019-02-21T02:26:17+0100 lvl=info msg="Initializing CleanUpService" logger=server
t=2019-02-21T02:26:17+0100 lvl=info msg="Initializing NotificationService" logger=server
t=2019-02-21T02:26:17+0100 lvl=info msg="Initializing ProvisioningService" logger=server
t=2019-02-21T02:26:17+0100 lvl=info msg="Initializing AlertingService" logger=server
t=2019-02-21T02:26:17+0100 lvl=info msg="Initializing TracingService" logger=server
t=2019-02-21T02:26:17+0100 lvl=info msg="Initializing Stream Manager"
t=2019-02-21T02:26:17+0100 lvl=info msg="HTTP Server Listen" logger=http.server address=0.0.0.0:8080 protocol=http subUrl= socket=
t=2019-02-21T02:26:17+0100 lvl=eror msg="Stopped HTTPServer" logger=server reason="listen tcp 0.0.0.0:8080: bind: Only one usage of each socket address (protocol/network address/port) is normally permitted."
t=2019-02-21T02:26:17+0100 lvl=info msg="Stopped CleanUpService" logger=server reason="context canceled"
t=2019-02-21T02:26:17+0100 lvl=info msg="Stopped RenderingService" logger=server reason=nil
t=2019-02-21T02:26:17+0100 lvl=info msg="Stopped TracingService" logger=server reason=nil
t=2019-02-21T02:26:17+0100 lvl=info msg="Stopped AlertingService" logger=server reason="context canceled"
t=2019-02-21T02:26:17+0100 lvl=info msg="Stopped InternalMetricsService" logger=server reason="context canceled"
t=2019-02-21T02:26:17+0100 lvl=info msg="Stopped NotificationService" logger=server reason="context canceled"
t=2019-02-21T02:26:17+0100 lvl=info msg="Stopped ProvisioningService" logger=server reason="context canceled"
t=2019-02-21T02:26:17+0100 lvl=info msg="Stopped Stream Manager"
t=2019-02-21T02:26:17+0100 lvl=info msg="Stopped PluginManager" logger=server reason="context canceled"
t=2019-02-21T02:26:17+0100 lvl=eror msg="Server shutdown" logger=server reason="listen tcp 0.0.0.0:8080: bind: Only one usage of each socket address (protocol/network address/port) is normally permitted."
t=2019-02-21T02:26:44+0100 lvl=info msg="Starting Grafana" logger=server version=5.4.0-pre1 commit=8be4490 compiled=2018-10-19T15:55:11+0200
t=2019-02-21T02:26:44+0100 lvl=info msg="Config loaded from" logger=settings file=C:\\dev\\online-monitoring-client\\src\\github.com\\grafana\\grafana/conf/defaults.ini
t=2019-02-21T02:26:44+0100 lvl=info msg="Config loaded from" logger=settings file=C:\\dev\\online-monitoring-client\\src\\github.com\\grafana\\grafana\\conf\\custom.ini
t=2019-02-21T02:26:44+0100 lvl=info msg="Path Home" logger=settings path=C:\\dev\\online-monitoring-client\\src\\github.com\\grafana\\grafana
t=2019-02-21T02:26:44+0100 lvl=info msg="Path Data" logger=settings path=C:\\dev\\online-monitoring-client\\src\\github.com\\grafana\\grafana\\data
t=2019-02-21T02:26:44+0100 lvl=info msg="Path Logs" logger=settings path=C:\\dev\\online-monitoring-client\\src\\github.com\\grafana\\grafana\\data\\log
t=2019-02-21T02:26:44+0100 lvl=info msg="Path Plugins" logger=settings path=C:\\dev\\online-monitoring-client\\src\\github.com\\grafana\\grafana\\data\\plugins
t=2019-02-21T02:26:44+0100 lvl=info msg="Path Provisioning" logger=settings path=C:\\dev\\online-monitoring-client\\src\\github.com\\grafana\\grafana\\conf\\provisioning
t=2019-02-21T02:26:44+0100 lvl=info msg="App mode production" logger=settings
t=2019-02-21T02:26:44+0100 lvl=info msg="Initializing HTTPServer" logger=server
t=2019-02-21T02:26:44+0100 lvl=info msg="Initializing SqlStore" logger=server
t=2019-02-21T02:26:44+0100 lvl=info msg="Connecting to DB" logger=sqlstore dbtype=sqlite3
t=2019-02-21T02:26:44+0100 lvl=info msg="Starting DB migration" logger=migrator
t=2019-02-21T02:26:44+0100 lvl=info msg="Initializing PluginManager" logger=server
t=2019-02-21T02:26:44+0100 lvl=info msg="Starting plugin search" logger=plugins
t=2019-02-21T02:26:45+0100 lvl=info msg="Initializing InternalMetricsService" logger=server
t=2019-02-21T02:26:45+0100 lvl=info msg="Initializing RenderingService" logger=server
t=2019-02-21T02:26:45+0100 lvl=info msg="Initializing HooksService" logger=server
t=2019-02-21T02:26:45+0100 lvl=info msg="Initializing SearchService" logger=server
t=2019-02-21T02:26:45+0100 lvl=info msg="Initializing CleanUpService" logger=server
t=2019-02-21T02:26:45+0100 lvl=info msg="Initializing NotificationService" logger=server
t=2019-02-21T02:26:45+0100 lvl=info msg="Initializing ProvisioningService" logger=server
t=2019-02-21T02:26:45+0100 lvl=info msg="Initializing AlertingService" logger=server
t=2019-02-21T02:26:45+0100 lvl=info msg="Initializing TracingService" logger=server
t=2019-02-21T02:26:45+0100 lvl=info msg="Initializing Stream Manager"
t=2019-02-21T02:26:45+0100 lvl=info msg="HTTP Server Listen" logger=http.server address=0.0.0.0:8080 protocol=http subUrl= socket=
t=2019-02-21T02:30:57+0100 lvl=info msg="Starting Grafana" logger=server version=5.4.0-pre1 commit=8be4490 compiled=2018-10-19T15:55:11+0200
t=2019-02-21T02:30:57+0100 lvl=info msg="Config loaded from" logger=settings file=C:\\dev\\online-monitoring-client\\src\\github.com\\grafana\\grafana/conf/defaults.ini
t=2019-02-21T02:30:57+0100 lvl=info msg="Config loaded from" logger=settings file=C:\\dev\\online-monitoring-client\\src\\github.com\\grafana\\grafana\\conf\\custom.ini
t=2019-02-21T02:30:57+0100 lvl=info msg="Path Home" logger=settings path=C:\\dev\\online-monitoring-client\\src\\github.com\\grafana\\grafana
t=2019-02-21T02:30:57+0100 lvl=info msg="Path Data" logger=settings path=C:\\dev\\online-monitoring-client\\src\\github.com\\grafana\\grafana\\data
t=2019-02-21T02:30:57+0100 lvl=info msg="Path Logs" logger=settings path=C:\\dev\\online-monitoring-client\\src\\github.com\\grafana\\grafana\\data\\log
t=2019-02-21T02:30:57+0100 lvl=info msg="Path Plugins" logger=settings path=C:\\dev\\online-monitoring-client\\src\\github.com\\grafana\\grafana\\data\\plugins
t=2019-02-21T02:30:57+0100 lvl=info msg="Path Provisioning" logger=settings path=C:\\dev\\online-monitoring-client\\src\\github.com\\grafana\\grafana\\conf\\provisioning
t=2019-02-21T02:30:57+0100 lvl=info msg="App mode production" logger=settings
t=2019-02-21T02:30:57+0100 lvl=info msg="Initializing HTTPServer" logger=server
t=2019-02-21T02:30:57+0100 lvl=info msg="Initializing SqlStore" logger=server
t=2019-02-21T02:30:57+0100 lvl=info msg="Connecting to DB" logger=sqlstore dbtype=sqlite3
t=2019-02-21T02:30:57+0100 lvl=info msg="Starting DB migration" logger=migrator
t=2019-02-21T02:30:57+0100 lvl=info msg="Initializing PluginManager" logger=server
t=2019-02-21T02:30:57+0100 lvl=info msg="Starting plugin search" logger=plugins
t=2019-02-21T02:30:57+0100 lvl=info msg="Initializing InternalMetricsService" logger=server
t=2019-02-21T02:30:57+0100 lvl=info msg="Initializing RenderingService" logger=server
t=2019-02-21T02:30:57+0100 lvl=info msg="Initializing HooksService" logger=server
t=2019-02-21T02:30:57+0100 lvl=info msg="Initializing SearchService" logger=server
t=2019-02-21T02:30:57+0100 lvl=info msg="Initializing CleanUpService" logger=server
t=2019-02-21T02:30:57+0100 lvl=info msg="Initializing NotificationService" logger=server
t=2019-02-21T02:30:57+0100 lvl=info msg="Initializing ProvisioningService" logger=server
t=2019-02-21T02:30:57+0100 lvl=info msg="Initializing AlertingService" logger=server
t=2019-02-21T02:30:57+0100 lvl=info msg="Initializing TracingService" logger=server
t=2019-02-21T02:30:57+0100 lvl=info msg="Initializing Stream Manager"
t=2019-02-21T02:30:57+0100 lvl=info msg="HTTP Server Listen" logger=http.server address=0.0.0.0:8080 protocol=http subUrl= socket=
